<testsuites name="ASH Scan Report"><testsuite name="cfn-nag" tests="21" errors="21" failures="0" skipped="0" time="0"><testcase name="CloudFront Distribution should enable access logging [CFN_NAG_W10]" classname="CFN_NAG_W10"><error message="CloudFront Distribution should enable access logging" type="error" /><system-out>tags: ['cfn-nag']
scanner_name: cfn-nag
scanner_version: 3.2.5
scanner_details: {'tool_name': 'cfn-nag', 'tool_version': '3.2.5', 'tool_invocation': {'start_time': '2026-04-09T22:44:35.886978+00:00', 'end_time': '2026-04-09T22:44:38.188775+00:00'}}</system-out></testcase><testcase name="Cloudfront should use minimum protocol version TLS 1.2 [CFN_NAG_W70]" classname="CFN_NAG_W70"><error message="Cloudfront should use minimum protocol version TLS 1.2" type="error" /><system-out>tags: ['cfn-nag']
scanner_name: cfn-nag
scanner_version: 3.2.5
scanner_details: {'tool_name': 'cfn-nag', 'tool_version': '3.2.5', 'tool_invocation': {'start_time': '2026-04-09T22:44:35.886978+00:00', 'end_time': '2026-04-09T22:44:38.188775+00:00'}}</system-out></testcase><testcase name="Elastic Load Balancer V2 should have access logging enabled [CFN_NAG_W52]" classname="CFN_NAG_W52"><error message="Elastic Load Balancer V2 should have access logging enabled" type="error" /><system-out>tags: ['cfn-nag']
scanner_name: cfn-nag
scanner_version: 3.2.5
scanner_details: {'tool_name': 'cfn-nag', 'tool_version': '3.2.5', 'tool_invocation': {'start_time': '2026-04-09T22:44:35.886978+00:00', 'end_time': '2026-04-09T22:44:38.188775+00:00'}}</system-out></testcase><testcase name="Elastic Load Balancer V2 Listener Protocol should use HTTPS for ALBs [CFN_NAG_W56]" classname="CFN_NAG_W56"><error message="Elastic Load Balancer V2 Listener Protocol should use HTTPS for ALBs" type="error" /><system-out>tags: ['cfn-nag']
scanner_name: cfn-nag
scanner_version: 3.2.5
scanner_details: {'tool_name': 'cfn-nag', 'tool_version': '3.2.5', 'tool_invocation': {'start_time': '2026-04-09T22:44:35.886978+00:00', 'end_time': '2026-04-09T22:44:38.188775+00:00'}}</system-out></testcase><testcase name="IAM role should not allow * resource on its permissions policy [CFN_NAG_W11]" classname="CFN_NAG_W11"><error message="IAM role should not allow * resource on its permissions policy" type="error" /><system-out>tags: ['cfn-nag']
scanner_name: cfn-nag
scanner_version: 3.2.5
scanner_details: {'tool_name': 'cfn-nag', 'tool_version': '3.2.5', 'tool_invocation': {'start_time': '2026-04-09T22:44:35.886978+00:00', 'end_time': '2026-04-09T22:44:38.188775+00:00'}}</system-out></testcase><testcase name="CloudWatchLogs LogGroup should specify a KMS Key Id to encrypt the log data [CFN_NAG_W84]" classname="CFN_NAG_W84"><error message="CloudWatchLogs LogGroup should specify a KMS Key Id to encrypt the log data" type="error" /><system-out>tags: ['cfn-nag']
scanner_name: cfn-nag
scanner_version: 3.2.5
scanner_details: {'tool_name': 'cfn-nag', 'tool_version': '3.2.5', 'tool_invocation': {'start_time': '2026-04-09T22:44:35.886978+00:00', 'end_time': '2026-04-09T22:44:38.188775+00:00'}}</system-out></testcase><testcase name="Resource found with an explicit name, this disallows updates that require replacement of this resource [CFN_NAG_W28]" classname="CFN_NAG_W28"><error message="Resource found with an explicit name, this disallows updates that require replacement of this resource" type="error" /><system-out>tags: ['cfn-nag']
scanner_name: cfn-nag
scanner_version: 3.2.5
scanner_details: {'tool_name': 'cfn-nag', 'tool_version': '3.2.5', 'tool_invocation': {'start_time': '2026-04-09T22:44:35.886978+00:00', 'end_time': '2026-04-09T22:44:38.188775+00:00'}}</system-out></testcase><testcase name="Resource found with an explicit name, this disallows updates that require replacement of this resource [CFN_NAG_W28]" classname="CFN_NAG_W28"><error message="Resource found with an explicit name, this disallows updates that require replacement of this resource" type="error" /><system-out>tags: ['cfn-nag']
scanner_name: cfn-nag
scanner_version: 3.2.5
scanner_details: {'tool_name': 'cfn-nag', 'tool_version': '3.2.5', 'tool_invocation': {'start_time': '2026-04-09T22:44:35.886978+00:00', 'end_time': '2026-04-09T22:44:38.188775+00:00'}}</system-out></testcase><testcase name="Resource found with an explicit name, this disallows updates that require replacement of this resource [CFN_NAG_W28]" classname="CFN_NAG_W28"><error message="Resource found with an explicit name, this disallows updates that require replacement of this resource" type="error" /><system-out>tags: ['cfn-nag']
scanner_name: cfn-nag
scanner_version: 3.2.5
scanner_details: {'tool_name': 'cfn-nag', 'tool_version': '3.2.5', 'tool_invocation': {'start_time': '2026-04-09T22:44:35.886978+00:00', 'end_time': '2026-04-09T22:44:38.188775+00:00'}}</system-out></testcase><testcase name="Resource found with an explicit name, this disallows updates that require replacement of this resource [CFN_NAG_W28]" classname="CFN_NAG_W28"><error message="Resource found with an explicit name, this disallows updates that require replacement of this resource" type="error" /><system-out>tags: ['cfn-nag']
scanner_name: cfn-nag
scanner_version: 3.2.5
scanner_details: {'tool_name': 'cfn-nag', 'tool_version': '3.2.5', 'tool_invocation': {'start_time': '2026-04-09T22:44:35.886978+00:00', 'end_time': '2026-04-09T22:44:38.188775+00:00'}}</system-out></testcase><testcase name="S3 Bucket should have access logging configured [CFN_NAG_W35]" classname="CFN_NAG_W35"><error message="S3 Bucket should have access logging configured" type="error" /><system-out>tags: ['cfn-nag']
scanner_name: cfn-nag
scanner_version: 3.2.5
scanner_details: {'tool_name': 'cfn-nag', 'tool_version': '3.2.5', 'tool_invocation': {'start_time': '2026-04-09T22:44:35.886978+00:00', 'end_time': '2026-04-09T22:44:38.188775+00:00'}}</system-out></testcase><testcase name="S3 Bucket should have encryption option set [CFN_NAG_W41]" classname="CFN_NAG_W41"><error message="S3 Bucket should have encryption option set" type="error" /><system-out>tags: ['cfn-nag']
scanner_name: cfn-nag
scanner_version: 3.2.5
scanner_details: {'tool_name': 'cfn-nag', 'tool_version': '3.2.5', 'tool_invocation': {'start_time': '2026-04-09T22:44:35.886978+00:00', 'end_time': '2026-04-09T22:44:38.188775+00:00'}}</system-out></testcase><testcase name="Security Groups found with ingress cidr that is not /32 [CFN_NAG_W9]" classname="CFN_NAG_W9"><error message="Security Groups found with ingress cidr that is not /32" type="error" /><system-out>tags: ['cfn-nag']
scanner_name: cfn-nag
scanner_version: 3.2.5
scanner_details: {'tool_name': 'cfn-nag', 'tool_version': '3.2.5', 'tool_invocation': {'start_time': '2026-04-09T22:44:35.886978+00:00', 'end_time': '2026-04-09T22:44:38.188775+00:00'}}</system-out></testcase><testcase name="Security Groups found with ingress cidr that is not /32 [CFN_NAG_W9]" classname="CFN_NAG_W9"><error message="Security Groups found with ingress cidr that is not /32" type="error" /><system-out>tags: ['cfn-nag']
scanner_name: cfn-nag
scanner_version: 3.2.5
scanner_details: {'tool_name': 'cfn-nag', 'tool_version': '3.2.5', 'tool_invocation': {'start_time': '2026-04-09T22:44:35.886978+00:00', 'end_time': '2026-04-09T22:44:38.188775+00:00'}}</system-out></testcase><testcase name="Security Groups found with cidr open to world on ingress.  This should never be true on instance.  Permissible on ELB [CFN_NAG_W2]" classname="CFN_NAG_W2"><error message="Security Groups found with cidr open to world on ingress.  This should never be true on instance.  Permissible on ELB" type="error" /><system-out>tags: ['cfn-nag']
scanner_name: cfn-nag
scanner_version: 3.2.5
scanner_details: {'tool_name': 'cfn-nag', 'tool_version': '3.2.5', 'tool_invocation': {'start_time': '2026-04-09T22:44:35.886978+00:00', 'end_time': '2026-04-09T22:44:38.188775+00:00'}}</system-out></testcase><testcase name="Security Groups found with cidr open to world on ingress.  This should never be true on instance.  Permissible on ELB [CFN_NAG_W2]" classname="CFN_NAG_W2"><error message="Security Groups found with cidr open to world on ingress.  This should never be true on instance.  Permissible on ELB" type="error" /><system-out>tags: ['cfn-nag']
scanner_name: cfn-nag
scanner_version: 3.2.5
scanner_details: {'tool_name': 'cfn-nag', 'tool_version': '3.2.5', 'tool_invocation': {'start_time': '2026-04-09T22:44:35.886978+00:00', 'end_time': '2026-04-09T22:44:38.188775+00:00'}}</system-out></testcase><testcase name="Security Groups found ingress with port range instead of just a single port [CFN_NAG_W27]" classname="CFN_NAG_W27"><error message="Security Groups found ingress with port range instead of just a single port" type="error" /><system-out>tags: ['cfn-nag']
scanner_name: cfn-nag
scanner_version: 3.2.5
scanner_details: {'tool_name': 'cfn-nag', 'tool_version': '3.2.5', 'tool_invocation': {'start_time': '2026-04-09T22:44:35.886978+00:00', 'end_time': '2026-04-09T22:44:38.188775+00:00'}}</system-out></testcase><testcase name="Missing egress rule means all traffic is allowed outbound.  Make this explicit if it is desired configuration [CFN_NAG_F1000]" classname="CFN_NAG_F1000"><error message="Missing egress rule means all traffic is allowed outbound.  Make this explicit if it is desired configuration" type="error" /><system-out>tags: ['cfn-nag']
scanner_name: cfn-nag
scanner_version: 3.2.5
scanner_details: {'tool_name': 'cfn-nag', 'tool_version': '3.2.5', 'tool_invocation': {'start_time': '2026-04-09T22:44:35.886978+00:00', 'end_time': '2026-04-09T22:44:38.188775+00:00'}}</system-out></testcase><testcase name="Missing egress rule means all traffic is allowed outbound.  Make this explicit if it is desired configuration [CFN_NAG_F1000]" classname="CFN_NAG_F1000"><error message="Missing egress rule means all traffic is allowed outbound.  Make this explicit if it is desired configuration" type="error" /><system-out>tags: ['cfn-nag']
scanner_name: cfn-nag
scanner_version: 3.2.5
scanner_details: {'tool_name': 'cfn-nag', 'tool_version': '3.2.5', 'tool_invocation': {'start_time': '2026-04-09T22:44:35.886978+00:00', 'end_time': '2026-04-09T22:44:38.188775+00:00'}}</system-out></testcase><testcase name="Security group rules without a description obscure their purpose and may lead to bad practices in ensuring they only allow traffic from the ports and sources/destinations required. [CFN_NAG_W36]" classname="CFN_NAG_W36"><error message="Security group rules without a description obscure their purpose and may lead to bad practices in ensuring they only allow traffic from the ports and sources/destinations required." type="error" /><system-out>tags: ['cfn-nag']
scanner_name: cfn-nag
scanner_version: 3.2.5
scanner_details: {'tool_name': 'cfn-nag', 'tool_version': '3.2.5', 'tool_invocation': {'start_time': '2026-04-09T22:44:35.886978+00:00', 'end_time': '2026-04-09T22:44:38.188775+00:00'}}</system-out></testcase><testcase name="Security group rules without a description obscure their purpose and may lead to bad practices in ensuring they only allow traffic from the ports and sources/destinations required. [CFN_NAG_W36]" classname="CFN_NAG_W36"><error message="Security group rules without a description obscure their purpose and may lead to bad practices in ensuring they only allow traffic from the ports and sources/destinations required." type="error" /><system-out>tags: ['cfn-nag']
scanner_name: cfn-nag
scanner_version: 3.2.5
scanner_details: {'tool_name': 'cfn-nag', 'tool_version': '3.2.5', 'tool_invocation': {'start_time': '2026-04-09T22:44:35.886978+00:00', 'end_time': '2026-04-09T22:44:38.188775+00:00'}}</system-out></testcase></testsuite><testsuite name="opengrep" tests="1" errors="1" failures="0" skipped="0" time="0"><testcase name="By not specifying a USER, a program in the container may run as 'root'. This is a security hazard. If an attacker can control a process running as root, they may have control over the container. Ensure that the last USER in a Dockerfile is a USER other than 'root'. [dockerfile.security.missing-user.missing-user]" classname="dockerfile.security.missing-user.missing-user"><error message="By not specifying a USER, a program in the container may run as 'root'. This is a security hazard. If an attacker can control a process running as root, they may have control over the container. Ensure that the last USER in a Dockerfile is a USER other than 'root'." type="error" /><system-out>tags: ['opengrep']
scanner_name: opengrep
scanner_details: {'tool_name': 'opengrep', 'tool_version': '3.2.5', 'tool_invocation': {'start_time': '2026-04-09T22:44:35.903456+00:00', 'end_time': '2026-04-09T22:45:11.346261+00:00'}}
scanner_version: 3.2.5</system-out></testcase></testsuite><testsuite name="cdk-nag" tests="24" errors="15" failures="0" skipped="0" time="0"><testcase name="The ECR Repository allows open access.&#10;&#10;Exception Reason: N/A [AwsSolutions-ECR1]" classname="AwsSolutions-ECR1"><system-out>tags: ['aws', 'cdk', 'cdk-nag', 'AwsSolutions', 'AwsSolutions-ECR1', 'ECRRepository', 'AWS::ECR::Repository', 'tool_name::cdk-nag', 'tool_type::IAC']
cdk_nag_finding: {'rule_id': 'AwsSolutions-ECR1', 'resource_id': 'ASHCDKNagScanner/tavus-pipecat-example--infra--template.yaml/ECRRepository', 'compliance': 'Compliant', 'exception_reason': 'N/A', 'rule_level': 'Error', 'rule_info': 'The ECR Repository allows open access.'}
cfn_resource: {'Resources': {'ECRRepository': {'Type': 'AWS::ECR::Repository', 'Properties': {'RepositoryName': {'Fn::Sub': '${EnvironmentName}-backend'}, 'ImageScanningConfiguration': {'ScanOnPush': True}, 'LifecyclePolicy': {'LifecyclePolicyText': '{"rules":[{"rulePriority":1,"selection":{"tagStatus":"untagged","countType":"imageCountMoreThan","countNumber":5},"action":{"type":"expire"}}]}\n'}}}}}
scanner_name: cdk-nag
scanner_version: 3.2.5
scanner_details: {'tool_name': 'cdk-nag', 'tool_version': '3.2.5', 'tool_invocation': {'start_time': '2026-04-09T22:44:35.888297+00:00', 'end_time': '2026-04-09T22:45:18.850520+00:00'}}</system-out></testcase><testcase name="The IAM user, role, or group uses AWS managed policies.&#10;&#10;Exception Reason: N/A [AwsSolutions-IAM4]" classname="AwsSolutions-IAM4"><error message="The IAM user, role, or group uses AWS managed policies.&#10;&#10;Exception Reason: N/A" type="error" /><system-out>tags: ['aws', 'cdk', 'cdk-nag', 'AwsSolutions', 'AwsSolutions-IAM4', 'TaskExecutionRole', 'AWS::IAM::Role', 'tool_name::cdk-nag', 'tool_type::IAC']
cdk_nag_finding: {'rule_id': 'AwsSolutions-IAM4', 'resource_id': 'ASHCDKNagScanner/tavus-pipecat-example--infra--template.yaml/TaskExecutionRole', 'compliance': 'Non-Compliant', 'exception_reason': 'N/A', 'rule_level': 'Error', 'rule_info': 'The IAM user, role, or group uses AWS managed policies.'}
cfn_resource: {'Resources': {'TaskExecutionRole': {'Type': 'AWS::IAM::Role', 'Properties': {'RoleName': {'Fn::Sub': '${EnvironmentName}-task-exec'}, 'AssumeRolePolicyDocument': {'Version': '2012-10-17', 'Statement': [{'Effect': 'Allow', 'Principal': {'Service': 'ecs-tasks.amazonaws.com'}, 'Action': 'sts:AssumeRole'}]}, 'ManagedPolicyArns': ['arn:aws:iam::aws:policy/service-role/AmazonECSTaskExecutionRolePolicy'], 'Policies': [{'PolicyName': 'SSMReadSecrets', 'PolicyDocument': {'Version': '2012-10-17', 'Statement': [{'Effect': 'Allow', 'Action': ['ssm:GetParameters', 'ssm:GetParameter'], 'Resource': {'Fn::Sub': 'arn:aws:ssm:${AWS::Region}:${AWS::AccountId}:parameter/${EnvironmentName}/*'}}]}}]}}}}
scanner_name: cdk-nag
scanner_version: 3.2.5
scanner_details: {'tool_name': 'cdk-nag', 'tool_version': '3.2.5', 'tool_invocation': {'start_time': '2026-04-09T22:44:35.888297+00:00', 'end_time': '2026-04-09T22:45:18.850520+00:00'}}</system-out></testcase><testcase name="The IAM entity contains wildcard permissions and does not have a cdk-nag rule suppression with evidence for those permission.&#10;&#10;Exception Reason: N/A [AwsSolutions-IAM5]" classname="AwsSolutions-IAM5"><error message="The IAM entity contains wildcard permissions and does not have a cdk-nag rule suppression with evidence for those permission.&#10;&#10;Exception Reason: N/A" type="error" /><system-out>tags: ['aws', 'cdk', 'cdk-nag', 'AwsSolutions', 'AwsSolutions-IAM5', 'TaskExecutionRole', 'AWS::IAM::Role', 'tool_name::cdk-nag', 'tool_type::IAC']
cdk_nag_finding: {'rule_id': 'AwsSolutions-IAM5', 'resource_id': 'ASHCDKNagScanner/tavus-pipecat-example--infra--template.yaml/TaskExecutionRole', 'compliance': 'Non-Compliant', 'exception_reason': 'N/A', 'rule_level': 'Error', 'rule_info': 'The IAM entity contains wildcard permissions and does not have a cdk-nag rule suppression with evidence for those permission.'}
cfn_resource: {'Resources': {'TaskExecutionRole': {'Type': 'AWS::IAM::Role', 'Properties': {'RoleName': {'Fn::Sub': '${EnvironmentName}-task-exec'}, 'AssumeRolePolicyDocument': {'Version': '2012-10-17', 'Statement': [{'Effect': 'Allow', 'Principal': {'Service': 'ecs-tasks.amazonaws.com'}, 'Action': 'sts:AssumeRole'}]}, 'ManagedPolicyArns': ['arn:aws:iam::aws:policy/service-role/AmazonECSTaskExecutionRolePolicy'], 'Policies': [{'PolicyName': 'SSMReadSecrets', 'PolicyDocument': {'Version': '2012-10-17', 'Statement': [{'Effect': 'Allow', 'Action': ['ssm:GetParameters', 'ssm:GetParameter'], 'Resource': {'Fn::Sub': 'arn:aws:ssm:${AWS::Region}:${AWS::AccountId}:parameter/${EnvironmentName}/*'}}]}}]}}}}
scanner_name: cdk-nag
scanner_version: 3.2.5
scanner_details: {'tool_name': 'cdk-nag', 'tool_version': '3.2.5', 'tool_invocation': {'start_time': '2026-04-09T22:44:35.888297+00:00', 'end_time': '2026-04-09T22:45:18.850520+00:00'}}</system-out></testcase><testcase name="The IAM user, role, or group uses AWS managed policies.&#10;&#10;Exception Reason: N/A [AwsSolutions-IAM4]" classname="AwsSolutions-IAM4"><system-out>tags: ['aws', 'cdk', 'cdk-nag', 'AwsSolutions', 'AwsSolutions-IAM4', 'TaskRole', 'AWS::IAM::Role', 'tool_name::cdk-nag', 'tool_type::IAC']
cdk_nag_finding: {'rule_id': 'AwsSolutions-IAM4', 'resource_id': 'ASHCDKNagScanner/tavus-pipecat-example--infra--template.yaml/TaskRole', 'compliance': 'Compliant', 'exception_reason': 'N/A', 'rule_level': 'Error', 'rule_info': 'The IAM user, role, or group uses AWS managed policies.'}
cfn_resource: {'Resources': {'TaskRole': {'Type': 'AWS::IAM::Role', 'Properties': {'RoleName': {'Fn::Sub': '${EnvironmentName}-task'}, 'AssumeRolePolicyDocument': {'Version': '2012-10-17', 'Statement': [{'Effect': 'Allow', 'Principal': {'Service': 'ecs-tasks.amazonaws.com'}, 'Action': 'sts:AssumeRole'}]}, 'Policies': [{'PolicyName': 'BedrockAccess', 'PolicyDocument': {'Version': '2012-10-17', 'Statement': [{'Effect': 'Allow', 'Action': ['bedrock:InvokeModel', 'bedrock:InvokeModelWithResponseStream'], 'Resource': '*'}]}}]}}}}
scanner_name: cdk-nag
scanner_version: 3.2.5
scanner_details: {'tool_name': 'cdk-nag', 'tool_version': '3.2.5', 'tool_invocation': {'start_time': '2026-04-09T22:44:35.888297+00:00', 'end_time': '2026-04-09T22:45:18.850520+00:00'}}</system-out></testcase><testcase name="The IAM entity contains wildcard permissions and does not have a cdk-nag rule suppression with evidence for those permission.&#10;&#10;Exception Reason: N/A [AwsSolutions-IAM5]" classname="AwsSolutions-IAM5"><error message="The IAM entity contains wildcard permissions and does not have a cdk-nag rule suppression with evidence for those permission.&#10;&#10;Exception Reason: N/A" type="error" /><system-out>tags: ['aws', 'cdk', 'cdk-nag', 'AwsSolutions', 'AwsSolutions-IAM5', 'TaskRole', 'AWS::IAM::Role', 'tool_name::cdk-nag', 'tool_type::IAC']
cdk_nag_finding: {'rule_id': 'AwsSolutions-IAM5', 'resource_id': 'ASHCDKNagScanner/tavus-pipecat-example--infra--template.yaml/TaskRole', 'compliance': 'Non-Compliant', 'exception_reason': 'N/A', 'rule_level': 'Error', 'rule_info': 'The IAM entity contains wildcard permissions and does not have a cdk-nag rule suppression with evidence for those permission.'}
cfn_resource: {'Resources': {'TaskRole': {'Type': 'AWS::IAM::Role', 'Properties': {'RoleName': {'Fn::Sub': '${EnvironmentName}-task'}, 'AssumeRolePolicyDocument': {'Version': '2012-10-17', 'Statement': [{'Effect': 'Allow', 'Principal': {'Service': 'ecs-tasks.amazonaws.com'}, 'Action': 'sts:AssumeRole'}]}, 'Policies': [{'PolicyName': 'BedrockAccess', 'PolicyDocument': {'Version': '2012-10-17', 'Statement': [{'Effect': 'Allow', 'Action': ['bedrock:InvokeModel', 'bedrock:InvokeModelWithResponseStream'], 'Resource': '*'}]}}]}}}}
scanner_name: cdk-nag
scanner_version: 3.2.5
scanner_details: {'tool_name': 'cdk-nag', 'tool_version': '3.2.5', 'tool_invocation': {'start_time': '2026-04-09T22:44:35.888297+00:00', 'end_time': '2026-04-09T22:45:18.850520+00:00'}}</system-out></testcase><testcase name="The Security Group allows for 0.0.0.0/0 or ::/0 inbound access.&#10;&#10;Exception Reason: N/A [AwsSolutions-EC23]" classname="AwsSolutions-EC23"><error message="The Security Group allows for 0.0.0.0/0 or ::/0 inbound access.&#10;&#10;Exception Reason: N/A" type="error" /><system-out>tags: ['aws', 'cdk', 'cdk-nag', 'AwsSolutions', 'AwsSolutions-EC23', 'ALBSecurityGroup', 'AWS::EC2::SecurityGroup', 'tool_name::cdk-nag', 'tool_type::IAC']
cdk_nag_finding: {'rule_id': 'AwsSolutions-EC23', 'resource_id': 'ASHCDKNagScanner/tavus-pipecat-example--infra--template.yaml/ALBSecurityGroup', 'compliance': 'Non-Compliant', 'exception_reason': 'N/A', 'rule_level': 'Error', 'rule_info': 'The Security Group allows for 0.0.0.0/0 or ::/0 inbound access.'}
cfn_resource: {'Resources': {'ALBSecurityGroup': {'Type': 'AWS::EC2::SecurityGroup', 'Properties': {'GroupDescription': 'ALB - allow HTTP/HTTPS inbound', 'VpcId': {'Ref': 'VpcId'}, 'SecurityGroupIngress': [{'IpProtocol': 'tcp', 'FromPort': 80, 'ToPort': 80, 'CidrIp': '0.0.0.0/0'}, {'IpProtocol': 'tcp', 'FromPort': 443, 'ToPort': 443, 'CidrIp': '0.0.0.0/0'}]}}}}
scanner_name: cdk-nag
scanner_version: 3.2.5
scanner_details: {'tool_name': 'cdk-nag', 'tool_version': '3.2.5', 'tool_invocation': {'start_time': '2026-04-09T22:44:35.888297+00:00', 'end_time': '2026-04-09T22:45:18.850520+00:00'}}</system-out></testcase><testcase name="The Security Group does not have a description.&#10;&#10;Exception Reason: N/A [AwsSolutions-EC27]" classname="AwsSolutions-EC27"><system-out>tags: ['aws', 'cdk', 'cdk-nag', 'AwsSolutions', 'AwsSolutions-EC27', 'ALBSecurityGroup', 'AWS::EC2::SecurityGroup', 'tool_name::cdk-nag', 'tool_type::IAC']
cdk_nag_finding: {'rule_id': 'AwsSolutions-EC27', 'resource_id': 'ASHCDKNagScanner/tavus-pipecat-example--infra--template.yaml/ALBSecurityGroup', 'compliance': 'Compliant', 'exception_reason': 'N/A', 'rule_level': 'Error', 'rule_info': 'The Security Group does not have a description.'}
cfn_resource: {'Resources': {'ALBSecurityGroup': {'Type': 'AWS::EC2::SecurityGroup', 'Properties': {'GroupDescription': 'ALB - allow HTTP/HTTPS inbound', 'VpcId': {'Ref': 'VpcId'}, 'SecurityGroupIngress': [{'IpProtocol': 'tcp', 'FromPort': 80, 'ToPort': 80, 'CidrIp': '0.0.0.0/0'}, {'IpProtocol': 'tcp', 'FromPort': 443, 'ToPort': 443, 'CidrIp': '0.0.0.0/0'}]}}}}
scanner_name: cdk-nag
scanner_version: 3.2.5
scanner_details: {'tool_name': 'cdk-nag', 'tool_version': '3.2.5', 'tool_invocation': {'start_time': '2026-04-09T22:44:35.888297+00:00', 'end_time': '2026-04-09T22:45:18.850520+00:00'}}</system-out></testcase><testcase name="The Security Group allows for 0.0.0.0/0 or ::/0 inbound access.&#10;&#10;Exception Reason: N/A [AwsSolutions-EC23]" classname="AwsSolutions-EC23"><error message="The Security Group allows for 0.0.0.0/0 or ::/0 inbound access.&#10;&#10;Exception Reason: N/A" type="error" /><system-out>tags: ['aws', 'cdk', 'cdk-nag', 'AwsSolutions', 'AwsSolutions-EC23', 'ECSSecurityGroup', 'AWS::EC2::SecurityGroup', 'tool_name::cdk-nag', 'tool_type::IAC']
cdk_nag_finding: {'rule_id': 'AwsSolutions-EC23', 'resource_id': 'ASHCDKNagScanner/tavus-pipecat-example--infra--template.yaml/ECSSecurityGroup', 'compliance': 'Non-Compliant', 'exception_reason': 'N/A', 'rule_level': 'Error', 'rule_info': 'The Security Group allows for 0.0.0.0/0 or ::/0 inbound access.'}
cfn_resource: {'Resources': {'ECSSecurityGroup': {'Type': 'AWS::EC2::SecurityGroup', 'Properties': {'GroupDescription': 'ECS tasks - allow traffic from ALB and WebRTC UDP', 'VpcId': {'Ref': 'VpcId'}, 'SecurityGroupIngress': [{'IpProtocol': 'tcp', 'FromPort': {'Ref': 'ContainerPort'}, 'ToPort': {'Ref': 'ContainerPort'}, 'SourceSecurityGroupId': {'Ref': 'ALBSecurityGroup'}}, {'IpProtocol': 'udp', 'FromPort': 10000, 'ToPort': 65535, 'CidrIp': '0.0.0.0/0', 'Description': 'WebRTC media (UDP)'}]}}}}
scanner_name: cdk-nag
scanner_version: 3.2.5
scanner_details: {'tool_name': 'cdk-nag', 'tool_version': '3.2.5', 'tool_invocation': {'start_time': '2026-04-09T22:44:35.888297+00:00', 'end_time': '2026-04-09T22:45:18.850520+00:00'}}</system-out></testcase><testcase name="The Security Group does not have a description.&#10;&#10;Exception Reason: N/A [AwsSolutions-EC27]" classname="AwsSolutions-EC27"><system-out>tags: ['aws', 'cdk', 'cdk-nag', 'AwsSolutions', 'AwsSolutions-EC27', 'ECSSecurityGroup', 'AWS::EC2::SecurityGroup', 'tool_name::cdk-nag', 'tool_type::IAC']
cdk_nag_finding: {'rule_id': 'AwsSolutions-EC27', 'resource_id': 'ASHCDKNagScanner/tavus-pipecat-example--infra--template.yaml/ECSSecurityGroup', 'compliance': 'Compliant', 'exception_reason': 'N/A', 'rule_level': 'Error', 'rule_info': 'The Security Group does not have a description.'}
cfn_resource: {'Resources': {'ECSSecurityGroup': {'Type': 'AWS::EC2::SecurityGroup', 'Properties': {'GroupDescription': 'ECS tasks - allow traffic from ALB and WebRTC UDP', 'VpcId': {'Ref': 'VpcId'}, 'SecurityGroupIngress': [{'IpProtocol': 'tcp', 'FromPort': {'Ref': 'ContainerPort'}, 'ToPort': {'Ref': 'ContainerPort'}, 'SourceSecurityGroupId': {'Ref': 'ALBSecurityGroup'}}, {'IpProtocol': 'udp', 'FromPort': 10000, 'ToPort': 65535, 'CidrIp': '0.0.0.0/0', 'Description': 'WebRTC media (UDP)'}]}}}}
scanner_name: cdk-nag
scanner_version: 3.2.5
scanner_details: {'tool_name': 'cdk-nag', 'tool_version': '3.2.5', 'tool_invocation': {'start_time': '2026-04-09T22:44:35.888297+00:00', 'end_time': '2026-04-09T22:45:18.850520+00:00'}}</system-out></testcase><testcase name="The ELB does not have access logs enabled.&#10;&#10;Exception Reason: N/A [AwsSolutions-ELB2]" classname="AwsSolutions-ELB2"><system-out>tags: ['aws', 'cdk', 'cdk-nag', 'AwsSolutions', 'AwsSolutions-ELB2', 'ALB', 'AWS::ElasticLoadBalancingV2::LoadBalancer', 'tool_name::cdk-nag', 'tool_type::IAC']
cdk_nag_finding: {'rule_id': 'AwsSolutions-ELB2', 'resource_id': 'ASHCDKNagScanner/tavus-pipecat-example--infra--template.yaml/ALB', 'compliance': 'UNKNOWN', 'exception_reason': 'N/A', 'rule_level': 'Error', 'rule_info': 'The ELB does not have access logs enabled.'}
cfn_resource: {'Resources': {'ALB': {'Type': 'AWS::ElasticLoadBalancingV2::LoadBalancer', 'Properties': {'Name': {'Fn::Sub': '${EnvironmentName}-alb'}, 'Scheme': 'internet-facing', 'Type': 'application', 'Subnets': {'Ref': 'PublicSubnetIds'}, 'SecurityGroups': [{'Ref': 'ALBSecurityGroup'}]}}}}
scanner_name: cdk-nag
scanner_version: 3.2.5
scanner_details: {'tool_name': 'cdk-nag', 'tool_version': '3.2.5', 'tool_invocation': {'start_time': '2026-04-09T22:44:35.888297+00:00', 'end_time': '2026-04-09T22:45:18.850520+00:00'}}</system-out></testcase><testcase name="The ECS Cluster has CloudWatch Container Insights disabled.&#10;&#10;Exception Reason: N/A [AwsSolutions-ECS4]" classname="AwsSolutions-ECS4"><error message="The ECS Cluster has CloudWatch Container Insights disabled.&#10;&#10;Exception Reason: N/A" type="error" /><system-out>tags: ['aws', 'cdk', 'cdk-nag', 'AwsSolutions', 'AwsSolutions-ECS4', 'ECSCluster', 'AWS::ECS::Cluster', 'tool_name::cdk-nag', 'tool_type::IAC']
cdk_nag_finding: {'rule_id': 'AwsSolutions-ECS4', 'resource_id': 'ASHCDKNagScanner/tavus-pipecat-example--infra--template.yaml/ECSCluster', 'compliance': 'Non-Compliant', 'exception_reason': 'N/A', 'rule_level': 'Error', 'rule_info': 'The ECS Cluster has CloudWatch Container Insights disabled.'}
cfn_resource: {'Resources': {'ECSCluster': {'Type': 'AWS::ECS::Cluster', 'Properties': {'ClusterName': {'Fn::Sub': '${EnvironmentName}-cluster'}}}}}
scanner_name: cdk-nag
scanner_version: 3.2.5
scanner_details: {'tool_name': 'cdk-nag', 'tool_version': '3.2.5', 'tool_invocation': {'start_time': '2026-04-09T22:44:35.888297+00:00', 'end_time': '2026-04-09T22:45:18.850520+00:00'}}</system-out></testcase><testcase name="The ECS Task Definition includes a container definition that directly specifies environment variables.&#10;&#10;Exception Reason: N/A [AwsSolutions-ECS2]" classname="AwsSolutions-ECS2"><error message="The ECS Task Definition includes a container definition that directly specifies environment variables.&#10;&#10;Exception Reason: N/A" type="error" /><system-out>tags: ['aws', 'cdk', 'cdk-nag', 'AwsSolutions', 'AwsSolutions-ECS2', 'TaskDefinition', 'AWS::ECS::TaskDefinition', 'tool_name::cdk-nag', 'tool_type::IAC']
cdk_nag_finding: {'rule_id': 'AwsSolutions-ECS2', 'resource_id': 'ASHCDKNagScanner/tavus-pipecat-example--infra--template.yaml/TaskDefinition', 'compliance': 'Non-Compliant', 'exception_reason': 'N/A', 'rule_level': 'Error', 'rule_info': 'The ECS Task Definition includes a container definition that directly specifies environment variables.'}
cfn_resource: {'Resources': {'TaskDefinition': {'Type': 'AWS::ECS::TaskDefinition', 'Properties': {'Family': {'Fn::Sub': '${EnvironmentName}-task'}, 'Cpu': {'Ref': 'TaskCpu'}, 'Memory': {'Ref': 'TaskMemory'}, 'NetworkMode': 'awsvpc', 'RequiresCompatibilities': ['FARGATE'], 'ExecutionRoleArn': {'Fn::GetAtt': ['TaskExecutionRole', 'Arn']}, 'TaskRoleArn': {'Fn::GetAtt': ['TaskRole', 'Arn']}, 'ContainerDefinitions': [{'Name': 'pipecat-bot', 'Image': {'Fn::Sub': '${AWS::AccountId}.dkr.ecr.${AWS::Region}.amazonaws.com/${ECRRepository}:latest'}, 'PortMappings': [{'ContainerPort': {'Ref': 'ContainerPort'}, 'Protocol': 'tcp'}], 'LogConfiguration': {'LogDriver': 'awslogs', 'Options': {'awslogs-group': {'Ref': 'LogGroup'}, 'awslogs-region': {'Ref': 'AWS::Region'}, 'awslogs-stream-prefix': 'pipecat'}}, 'Secrets': [{'Name': 'DEEPGRAM_API_KEY', 'ValueFrom': {'Fn::Sub': 'arn:aws:ssm:${AWS::Region}:${AWS::AccountId}:parameter/${EnvironmentName}/DEEPGRAM_API_KEY'}}, {'Name': 'CARTESIA_API_KEY', 'ValueFrom': {'Fn::Sub': 'arn:aws:ssm:${AWS::Region}:${AWS::AccountId}:parameter/${EnvironmentName}/CARTESIA_API_KEY'}}, {'Name': 'TAVUS_API_KEY', 'ValueFrom': {'Fn::Sub': 'arn:aws:ssm:${AWS::Region}:${AWS::AccountId}:parameter/${EnvironmentName}/TAVUS_API_KEY'}}, {'Name': 'TAVUS_REPLICA_ID', 'ValueFrom': {'Fn::Sub': 'arn:aws:ssm:${AWS::Region}:${AWS::AccountId}:parameter/${EnvironmentName}/TAVUS_REPLICA_ID'}}, {'Name': 'TAVUS_REPLICA_ID_NOVA_SONIC', 'ValueFrom': {'Fn::Sub': 'arn:aws:ssm:${AWS::Region}:${AWS::AccountId}:parameter/${EnvironmentName}/TAVUS_REPLICA_ID_NOVA_SONIC'}}, {'Name': 'DAILY_API_KEY', 'ValueFrom': {'Fn::Sub': 'arn:aws:ssm:${AWS::Region}:${AWS::AccountId}:parameter/${EnvironmentName}/DAILY_API_KEY'}}], 'Environment': [{'Name': 'AWS_REGION_NOVA_SONIC', 'Value': 'ap-northeast-1'}]}]}}}}
scanner_name: cdk-nag
scanner_version: 3.2.5
scanner_details: {'tool_name': 'cdk-nag', 'tool_version': '3.2.5', 'tool_invocation': {'start_time': '2026-04-09T22:44:35.888297+00:00', 'end_time': '2026-04-09T22:45:18.850520+00:00'}}</system-out></testcase><testcase name="One or more containers in the ECS Task Definition do not have container logging enabled.&#10;&#10;Exception Reason: N/A [AwsSolutions-ECS7]" classname="AwsSolutions-ECS7"><system-out>tags: ['aws', 'cdk', 'cdk-nag', 'AwsSolutions', 'AwsSolutions-ECS7', 'TaskDefinition', 'AWS::ECS::TaskDefinition', 'tool_name::cdk-nag', 'tool_type::IAC']
cdk_nag_finding: {'rule_id': 'AwsSolutions-ECS7', 'resource_id': 'ASHCDKNagScanner/tavus-pipecat-example--infra--template.yaml/TaskDefinition', 'compliance': 'Compliant', 'exception_reason': 'N/A', 'rule_level': 'Error', 'rule_info': 'One or more containers in the ECS Task Definition do not have container logging enabled.'}
cfn_resource: {'Resources': {'TaskDefinition': {'Type': 'AWS::ECS::TaskDefinition', 'Properties': {'Family': {'Fn::Sub': '${EnvironmentName}-task'}, 'Cpu': {'Ref': 'TaskCpu'}, 'Memory': {'Ref': 'TaskMemory'}, 'NetworkMode': 'awsvpc', 'RequiresCompatibilities': ['FARGATE'], 'ExecutionRoleArn': {'Fn::GetAtt': ['TaskExecutionRole', 'Arn']}, 'TaskRoleArn': {'Fn::GetAtt': ['TaskRole', 'Arn']}, 'ContainerDefinitions': [{'Name': 'pipecat-bot', 'Image': {'Fn::Sub': '${AWS::AccountId}.dkr.ecr.${AWS::Region}.amazonaws.com/${ECRRepository}:latest'}, 'PortMappings': [{'ContainerPort': {'Ref': 'ContainerPort'}, 'Protocol': 'tcp'}], 'LogConfiguration': {'LogDriver': 'awslogs', 'Options': {'awslogs-group': {'Ref': 'LogGroup'}, 'awslogs-region': {'Ref': 'AWS::Region'}, 'awslogs-stream-prefix': 'pipecat'}}, 'Secrets': [{'Name': 'DEEPGRAM_API_KEY', 'ValueFrom': {'Fn::Sub': 'arn:aws:ssm:${AWS::Region}:${AWS::AccountId}:parameter/${EnvironmentName}/DEEPGRAM_API_KEY'}}, {'Name': 'CARTESIA_API_KEY', 'ValueFrom': {'Fn::Sub': 'arn:aws:ssm:${AWS::Region}:${AWS::AccountId}:parameter/${EnvironmentName}/CARTESIA_API_KEY'}}, {'Name': 'TAVUS_API_KEY', 'ValueFrom': {'Fn::Sub': 'arn:aws:ssm:${AWS::Region}:${AWS::AccountId}:parameter/${EnvironmentName}/TAVUS_API_KEY'}}, {'Name': 'TAVUS_REPLICA_ID', 'ValueFrom': {'Fn::Sub': 'arn:aws:ssm:${AWS::Region}:${AWS::AccountId}:parameter/${EnvironmentName}/TAVUS_REPLICA_ID'}}, {'Name': 'TAVUS_REPLICA_ID_NOVA_SONIC', 'ValueFrom': {'Fn::Sub': 'arn:aws:ssm:${AWS::Region}:${AWS::AccountId}:parameter/${EnvironmentName}/TAVUS_REPLICA_ID_NOVA_SONIC'}}, {'Name': 'DAILY_API_KEY', 'ValueFrom': {'Fn::Sub': 'arn:aws:ssm:${AWS::Region}:${AWS::AccountId}:parameter/${EnvironmentName}/DAILY_API_KEY'}}], 'Environment': [{'Name': 'AWS_REGION_NOVA_SONIC', 'Value': 'ap-northeast-1'}]}]}}}}
scanner_name: cdk-nag
scanner_version: 3.2.5
scanner_details: {'tool_name': 'cdk-nag', 'tool_version': '3.2.5', 'tool_invocation': {'start_time': '2026-04-09T22:44:35.888297+00:00', 'end_time': '2026-04-09T22:45:18.850520+00:00'}}</system-out></testcase><testcase name="The S3 Bucket has server access logs disabled.&#10;&#10;Exception Reason: N/A [AwsSolutions-S1]" classname="AwsSolutions-S1"><error message="The S3 Bucket has server access logs disabled.&#10;&#10;Exception Reason: N/A" type="error" /><system-out>tags: ['aws', 'cdk', 'cdk-nag', 'AwsSolutions', 'AwsSolutions-S1', 'FrontendBucket', 'AWS::S3::Bucket', 'tool_name::cdk-nag', 'tool_type::IAC']
cdk_nag_finding: {'rule_id': 'AwsSolutions-S1', 'resource_id': 'ASHCDKNagScanner/tavus-pipecat-example--infra--template.yaml/FrontendBucket', 'compliance': 'Non-Compliant', 'exception_reason': 'N/A', 'rule_level': 'Error', 'rule_info': 'The S3 Bucket has server access logs disabled.'}
cfn_resource: {'Resources': {'FrontendBucket': {'Type': 'AWS::S3::Bucket', 'Properties': {'BucketName': {'Fn::Sub': '${EnvironmentName}-frontend-${AWS::AccountId}'}}}}}
scanner_name: cdk-nag
scanner_version: 3.2.5
scanner_details: {'tool_name': 'cdk-nag', 'tool_version': '3.2.5', 'tool_invocation': {'start_time': '2026-04-09T22:44:35.888297+00:00', 'end_time': '2026-04-09T22:45:18.850520+00:00'}}</system-out></testcase><testcase name="The S3 Bucket does not have public access restricted and blocked.&#10;&#10;Exception Reason: N/A [AwsSolutions-S2]" classname="AwsSolutions-S2"><system-out>tags: ['aws', 'cdk', 'cdk-nag', 'AwsSolutions', 'AwsSolutions-S2', 'FrontendBucket', 'AWS::S3::Bucket', 'tool_name::cdk-nag', 'tool_type::IAC']
cdk_nag_finding: {'rule_id': 'AwsSolutions-S2', 'resource_id': 'ASHCDKNagScanner/tavus-pipecat-example--infra--template.yaml/FrontendBucket', 'compliance': 'Compliant', 'exception_reason': 'N/A', 'rule_level': 'Error', 'rule_info': 'The S3 Bucket does not have public access restricted and blocked.'}
cfn_resource: {'Resources': {'FrontendBucket': {'Type': 'AWS::S3::Bucket', 'Properties': {'BucketName': {'Fn::Sub': '${EnvironmentName}-frontend-${AWS::AccountId}'}}}}}
scanner_name: cdk-nag
scanner_version: 3.2.5
scanner_details: {'tool_name': 'cdk-nag', 'tool_version': '3.2.5', 'tool_invocation': {'start_time': '2026-04-09T22:44:35.888297+00:00', 'end_time': '2026-04-09T22:45:18.850520+00:00'}}</system-out></testcase><testcase name="The S3 static website bucket either has an open world bucket policy or does not use a CloudFront Origin Access Identity (OAI) in the bucket policy for limited getObject and/or putObject permissions.&#10;&#10;Exception Reason: N/A [AwsSolutions-S5]" classname="AwsSolutions-S5"><system-out>tags: ['aws', 'cdk', 'cdk-nag', 'AwsSolutions', 'AwsSolutions-S5', 'FrontendBucket', 'AWS::S3::Bucket', 'tool_name::cdk-nag', 'tool_type::IAC']
cdk_nag_finding: {'rule_id': 'AwsSolutions-S5', 'resource_id': 'ASHCDKNagScanner/tavus-pipecat-example--infra--template.yaml/FrontendBucket', 'compliance': 'Compliant', 'exception_reason': 'N/A', 'rule_level': 'Error', 'rule_info': 'The S3 static website bucket either has an open world bucket policy or does not use a CloudFront Origin Access Identity (OAI) in the bucket policy for limited getObject and/or putObject permissions.'}
cfn_resource: {'Resources': {'FrontendBucket': {'Type': 'AWS::S3::Bucket', 'Properties': {'BucketName': {'Fn::Sub': '${EnvironmentName}-frontend-${AWS::AccountId}'}}}}}
scanner_name: cdk-nag
scanner_version: 3.2.5
scanner_details: {'tool_name': 'cdk-nag', 'tool_version': '3.2.5', 'tool_invocation': {'start_time': '2026-04-09T22:44:35.888297+00:00', 'end_time': '2026-04-09T22:45:18.850520+00:00'}}</system-out></testcase><testcase name="The S3 Bucket or bucket policy does not require requests to use SSL.&#10;&#10;Exception Reason: N/A [AwsSolutions-S10]" classname="AwsSolutions-S10"><error message="The S3 Bucket or bucket policy does not require requests to use SSL.&#10;&#10;Exception Reason: N/A" type="error" /><system-out>tags: ['aws', 'cdk', 'cdk-nag', 'AwsSolutions', 'AwsSolutions-S10', 'FrontendBucket', 'AWS::S3::Bucket', 'tool_name::cdk-nag', 'tool_type::IAC']
cdk_nag_finding: {'rule_id': 'AwsSolutions-S10', 'resource_id': 'ASHCDKNagScanner/tavus-pipecat-example--infra--template.yaml/FrontendBucket', 'compliance': 'Non-Compliant', 'exception_reason': 'N/A', 'rule_level': 'Error', 'rule_info': 'The S3 Bucket or bucket policy does not require requests to use SSL.'}
cfn_resource: {'Resources': {'FrontendBucket': {'Type': 'AWS::S3::Bucket', 'Properties': {'BucketName': {'Fn::Sub': '${EnvironmentName}-frontend-${AWS::AccountId}'}}}}}
scanner_name: cdk-nag
scanner_version: 3.2.5
scanner_details: {'tool_name': 'cdk-nag', 'tool_version': '3.2.5', 'tool_invocation': {'start_time': '2026-04-09T22:44:35.888297+00:00', 'end_time': '2026-04-09T22:45:18.850520+00:00'}}</system-out></testcase><testcase name="The CloudFront distribution may require Geo restrictions.&#10;&#10;Exception Reason: N/A [AwsSolutions-CFR1]" classname="AwsSolutions-CFR1"><error message="The CloudFront distribution may require Geo restrictions.&#10;&#10;Exception Reason: N/A" type="warning" /><system-out>tags: ['aws', 'cdk', 'cdk-nag', 'AwsSolutions', 'AwsSolutions-CFR1', 'CloudFrontDistribution', 'AWS::CloudFront::Distribution', 'tool_name::cdk-nag', 'tool_type::IAC']
cdk_nag_finding: {'rule_id': 'AwsSolutions-CFR1', 'resource_id': 'ASHCDKNagScanner/tavus-pipecat-example--infra--template.yaml/CloudFrontDistribution', 'compliance': 'Non-Compliant', 'exception_reason': 'N/A', 'rule_level': 'Warning', 'rule_info': 'The CloudFront distribution may require Geo restrictions.'}
cfn_resource: {'Resources': {'CloudFrontDistribution': {'Type': 'AWS::CloudFront::Distribution', 'Properties': {'DistributionConfig': {'Enabled': True, 'DefaultRootObject': 'index.html', 'Comment': {'Fn::Sub': '${EnvironmentName} frontend + API proxy'}, 'Origins': [{'Id': 'S3Origin', 'DomainName': {'Fn::GetAtt': ['FrontendBucket', 'RegionalDomainName']}, 'OriginAccessControlId': {'Ref': 'CloudFrontOAC'}, 'S3OriginConfig': {'OriginAccessIdentity': ''}}, {'Id': 'ALBOrigin', 'DomainName': {'Fn::GetAtt': ['ALB', 'DNSName']}, 'CustomOriginConfig': {'HTTPPort': 80, 'OriginProtocolPolicy': 'http-only'}}], 'DefaultCacheBehavior': {'TargetOriginId': 'S3Origin', 'ViewerProtocolPolicy': 'redirect-to-https', 'CachePolicyId': '658327ea-f89d-4fab-a63d-7e88639e58f6', 'Compress': True}, 'CacheBehaviors': [{'PathPattern': '/api/*', 'TargetOriginId': 'ALBOrigin', 'ViewerProtocolPolicy': 'redirect-to-https', 'AllowedMethods': ['GET', 'HEAD', 'OPTIONS', 'PUT', 'PATCH', 'POST', 'DELETE'], 'CachePolicyId': '4135ea2d-6df8-44a3-9df3-4b5a84be39ad', 'OriginRequestPolicyId': '216adef6-5c7f-47e4-b989-5492eafa07d3'}, {'PathPattern': '/start', 'TargetOriginId': 'ALBOrigin', 'ViewerProtocolPolicy': 'redirect-to-https', 'AllowedMethods': ['GET', 'HEAD', 'OPTIONS', 'PUT', 'PATCH', 'POST', 'DELETE'], 'CachePolicyId': '4135ea2d-6df8-44a3-9df3-4b5a84be39ad', 'OriginRequestPolicyId': '216adef6-5c7f-47e4-b989-5492eafa07d3'}], 'CustomErrorResponses': [{'ErrorCode': 403, 'ResponseCode': 200, 'ResponsePagePath': '/index.html'}, {'ErrorCode': 404, 'ResponseCode': 200, 'ResponsePagePath': '/index.html'}]}}}}}
scanner_name: cdk-nag
scanner_version: 3.2.5
scanner_details: {'tool_name': 'cdk-nag', 'tool_version': '3.2.5', 'tool_invocation': {'start_time': '2026-04-09T22:44:35.888297+00:00', 'end_time': '2026-04-09T22:45:18.850520+00:00'}}</system-out></testcase><testcase name="The CloudFront distribution may require integration with AWS WAF.&#10;&#10;Exception Reason: N/A [AwsSolutions-CFR2]" classname="AwsSolutions-CFR2"><error message="The CloudFront distribution may require integration with AWS WAF.&#10;&#10;Exception Reason: N/A" type="warning" /><system-out>tags: ['aws', 'cdk', 'cdk-nag', 'AwsSolutions', 'AwsSolutions-CFR2', 'CloudFrontDistribution', 'AWS::CloudFront::Distribution', 'tool_name::cdk-nag', 'tool_type::IAC']
cdk_nag_finding: {'rule_id': 'AwsSolutions-CFR2', 'resource_id': 'ASHCDKNagScanner/tavus-pipecat-example--infra--template.yaml/CloudFrontDistribution', 'compliance': 'Non-Compliant', 'exception_reason': 'N/A', 'rule_level': 'Warning', 'rule_info': 'The CloudFront distribution may require integration with AWS WAF.'}
cfn_resource: {'Resources': {'CloudFrontDistribution': {'Type': 'AWS::CloudFront::Distribution', 'Properties': {'DistributionConfig': {'Enabled': True, 'DefaultRootObject': 'index.html', 'Comment': {'Fn::Sub': '${EnvironmentName} frontend + API proxy'}, 'Origins': [{'Id': 'S3Origin', 'DomainName': {'Fn::GetAtt': ['FrontendBucket', 'RegionalDomainName']}, 'OriginAccessControlId': {'Ref': 'CloudFrontOAC'}, 'S3OriginConfig': {'OriginAccessIdentity': ''}}, {'Id': 'ALBOrigin', 'DomainName': {'Fn::GetAtt': ['ALB', 'DNSName']}, 'CustomOriginConfig': {'HTTPPort': 80, 'OriginProtocolPolicy': 'http-only'}}], 'DefaultCacheBehavior': {'TargetOriginId': 'S3Origin', 'ViewerProtocolPolicy': 'redirect-to-https', 'CachePolicyId': '658327ea-f89d-4fab-a63d-7e88639e58f6', 'Compress': True}, 'CacheBehaviors': [{'PathPattern': '/api/*', 'TargetOriginId': 'ALBOrigin', 'ViewerProtocolPolicy': 'redirect-to-https', 'AllowedMethods': ['GET', 'HEAD', 'OPTIONS', 'PUT', 'PATCH', 'POST', 'DELETE'], 'CachePolicyId': '4135ea2d-6df8-44a3-9df3-4b5a84be39ad', 'OriginRequestPolicyId': '216adef6-5c7f-47e4-b989-5492eafa07d3'}, {'PathPattern': '/start', 'TargetOriginId': 'ALBOrigin', 'ViewerProtocolPolicy': 'redirect-to-https', 'AllowedMethods': ['GET', 'HEAD', 'OPTIONS', 'PUT', 'PATCH', 'POST', 'DELETE'], 'CachePolicyId': '4135ea2d-6df8-44a3-9df3-4b5a84be39ad', 'OriginRequestPolicyId': '216adef6-5c7f-47e4-b989-5492eafa07d3'}], 'CustomErrorResponses': [{'ErrorCode': 403, 'ResponseCode': 200, 'ResponsePagePath': '/index.html'}, {'ErrorCode': 404, 'ResponseCode': 200, 'ResponsePagePath': '/index.html'}]}}}}}
scanner_name: cdk-nag
scanner_version: 3.2.5
scanner_details: {'tool_name': 'cdk-nag', 'tool_version': '3.2.5', 'tool_invocation': {'start_time': '2026-04-09T22:44:35.888297+00:00', 'end_time': '2026-04-09T22:45:18.850520+00:00'}}</system-out></testcase><testcase name="The CloudFront distribution does not have access logging enabled.&#10;&#10;Exception Reason: N/A [AwsSolutions-CFR3]" classname="AwsSolutions-CFR3"><error message="The CloudFront distribution does not have access logging enabled.&#10;&#10;Exception Reason: N/A" type="error" /><system-out>tags: ['aws', 'cdk', 'cdk-nag', 'AwsSolutions', 'AwsSolutions-CFR3', 'CloudFrontDistribution', 'AWS::CloudFront::Distribution', 'tool_name::cdk-nag', 'tool_type::IAC']
cdk_nag_finding: {'rule_id': 'AwsSolutions-CFR3', 'resource_id': 'ASHCDKNagScanner/tavus-pipecat-example--infra--template.yaml/CloudFrontDistribution', 'compliance': 'Non-Compliant', 'exception_reason': 'N/A', 'rule_level': 'Error', 'rule_info': 'The CloudFront distribution does not have access logging enabled.'}
cfn_resource: {'Resources': {'CloudFrontDistribution': {'Type': 'AWS::CloudFront::Distribution', 'Properties': {'DistributionConfig': {'Enabled': True, 'DefaultRootObject': 'index.html', 'Comment': {'Fn::Sub': '${EnvironmentName} frontend + API proxy'}, 'Origins': [{'Id': 'S3Origin', 'DomainName': {'Fn::GetAtt': ['FrontendBucket', 'RegionalDomainName']}, 'OriginAccessControlId': {'Ref': 'CloudFrontOAC'}, 'S3OriginConfig': {'OriginAccessIdentity': ''}}, {'Id': 'ALBOrigin', 'DomainName': {'Fn::GetAtt': ['ALB', 'DNSName']}, 'CustomOriginConfig': {'HTTPPort': 80, 'OriginProtocolPolicy': 'http-only'}}], 'DefaultCacheBehavior': {'TargetOriginId': 'S3Origin', 'ViewerProtocolPolicy': 'redirect-to-https', 'CachePolicyId': '658327ea-f89d-4fab-a63d-7e88639e58f6', 'Compress': True}, 'CacheBehaviors': [{'PathPattern': '/api/*', 'TargetOriginId': 'ALBOrigin', 'ViewerProtocolPolicy': 'redirect-to-https', 'AllowedMethods': ['GET', 'HEAD', 'OPTIONS', 'PUT', 'PATCH', 'POST', 'DELETE'], 'CachePolicyId': '4135ea2d-6df8-44a3-9df3-4b5a84be39ad', 'OriginRequestPolicyId': '216adef6-5c7f-47e4-b989-5492eafa07d3'}, {'PathPattern': '/start', 'TargetOriginId': 'ALBOrigin', 'ViewerProtocolPolicy': 'redirect-to-https', 'AllowedMethods': ['GET', 'HEAD', 'OPTIONS', 'PUT', 'PATCH', 'POST', 'DELETE'], 'CachePolicyId': '4135ea2d-6df8-44a3-9df3-4b5a84be39ad', 'OriginRequestPolicyId': '216adef6-5c7f-47e4-b989-5492eafa07d3'}], 'CustomErrorResponses': [{'ErrorCode': 403, 'ResponseCode': 200, 'ResponsePagePath': '/index.html'}, {'ErrorCode': 404, 'ResponseCode': 200, 'ResponsePagePath': '/index.html'}]}}}}}
scanner_name: cdk-nag
scanner_version: 3.2.5
scanner_details: {'tool_name': 'cdk-nag', 'tool_version': '3.2.5', 'tool_invocation': {'start_time': '2026-04-09T22:44:35.888297+00:00', 'end_time': '2026-04-09T22:45:18.850520+00:00'}}</system-out></testcase><testcase name="The CloudFront distribution allows for SSLv3 or TLSv1 for HTTPS viewer connections.&#10;&#10;Exception Reason: N/A [AwsSolutions-CFR4]" classname="AwsSolutions-CFR4"><error message="The CloudFront distribution allows for SSLv3 or TLSv1 for HTTPS viewer connections.&#10;&#10;Exception Reason: N/A" type="error" /><system-out>tags: ['aws', 'cdk', 'cdk-nag', 'AwsSolutions', 'AwsSolutions-CFR4', 'CloudFrontDistribution', 'AWS::CloudFront::Distribution', 'tool_name::cdk-nag', 'tool_type::IAC']
cdk_nag_finding: {'rule_id': 'AwsSolutions-CFR4', 'resource_id': 'ASHCDKNagScanner/tavus-pipecat-example--infra--template.yaml/CloudFrontDistribution', 'compliance': 'Non-Compliant', 'exception_reason': 'N/A', 'rule_level': 'Error', 'rule_info': 'The CloudFront distribution allows for SSLv3 or TLSv1 for HTTPS viewer connections.'}
cfn_resource: {'Resources': {'CloudFrontDistribution': {'Type': 'AWS::CloudFront::Distribution', 'Properties': {'DistributionConfig': {'Enabled': True, 'DefaultRootObject': 'index.html', 'Comment': {'Fn::Sub': '${EnvironmentName} frontend + API proxy'}, 'Origins': [{'Id': 'S3Origin', 'DomainName': {'Fn::GetAtt': ['FrontendBucket', 'RegionalDomainName']}, 'OriginAccessControlId': {'Ref': 'CloudFrontOAC'}, 'S3OriginConfig': {'OriginAccessIdentity': ''}}, {'Id': 'ALBOrigin', 'DomainName': {'Fn::GetAtt': ['ALB', 'DNSName']}, 'CustomOriginConfig': {'HTTPPort': 80, 'OriginProtocolPolicy': 'http-only'}}], 'DefaultCacheBehavior': {'TargetOriginId': 'S3Origin', 'ViewerProtocolPolicy': 'redirect-to-https', 'CachePolicyId': '658327ea-f89d-4fab-a63d-7e88639e58f6', 'Compress': True}, 'CacheBehaviors': [{'PathPattern': '/api/*', 'TargetOriginId': 'ALBOrigin', 'ViewerProtocolPolicy': 'redirect-to-https', 'AllowedMethods': ['GET', 'HEAD', 'OPTIONS', 'PUT', 'PATCH', 'POST', 'DELETE'], 'CachePolicyId': '4135ea2d-6df8-44a3-9df3-4b5a84be39ad', 'OriginRequestPolicyId': '216adef6-5c7f-47e4-b989-5492eafa07d3'}, {'PathPattern': '/start', 'TargetOriginId': 'ALBOrigin', 'ViewerProtocolPolicy': 'redirect-to-https', 'AllowedMethods': ['GET', 'HEAD', 'OPTIONS', 'PUT', 'PATCH', 'POST', 'DELETE'], 'CachePolicyId': '4135ea2d-6df8-44a3-9df3-4b5a84be39ad', 'OriginRequestPolicyId': '216adef6-5c7f-47e4-b989-5492eafa07d3'}], 'CustomErrorResponses': [{'ErrorCode': 403, 'ResponseCode': 200, 'ResponsePagePath': '/index.html'}, {'ErrorCode': 404, 'ResponseCode': 200, 'ResponsePagePath': '/index.html'}]}}}}}
scanner_name: cdk-nag
scanner_version: 3.2.5
scanner_details: {'tool_name': 'cdk-nag', 'tool_version': '3.2.5', 'tool_invocation': {'start_time': '2026-04-09T22:44:35.888297+00:00', 'end_time': '2026-04-09T22:45:18.850520+00:00'}}</system-out></testcase><testcase name="The CloudFront distributions uses SSLv3 or TLSv1 for communication to the origin.&#10;&#10;Exception Reason: N/A [AwsSolutions-CFR5]" classname="AwsSolutions-CFR5"><error message="The CloudFront distributions uses SSLv3 or TLSv1 for communication to the origin.&#10;&#10;Exception Reason: N/A" type="error" /><system-out>tags: ['aws', 'cdk', 'cdk-nag', 'AwsSolutions', 'AwsSolutions-CFR5', 'CloudFrontDistribution', 'AWS::CloudFront::Distribution', 'tool_name::cdk-nag', 'tool_type::IAC']
cdk_nag_finding: {'rule_id': 'AwsSolutions-CFR5', 'resource_id': 'ASHCDKNagScanner/tavus-pipecat-example--infra--template.yaml/CloudFrontDistribution', 'compliance': 'Non-Compliant', 'exception_reason': 'N/A', 'rule_level': 'Error', 'rule_info': 'The CloudFront distributions uses SSLv3 or TLSv1 for communication to the origin.'}
cfn_resource: {'Resources': {'CloudFrontDistribution': {'Type': 'AWS::CloudFront::Distribution', 'Properties': {'DistributionConfig': {'Enabled': True, 'DefaultRootObject': 'index.html', 'Comment': {'Fn::Sub': '${EnvironmentName} frontend + API proxy'}, 'Origins': [{'Id': 'S3Origin', 'DomainName': {'Fn::GetAtt': ['FrontendBucket', 'RegionalDomainName']}, 'OriginAccessControlId': {'Ref': 'CloudFrontOAC'}, 'S3OriginConfig': {'OriginAccessIdentity': ''}}, {'Id': 'ALBOrigin', 'DomainName': {'Fn::GetAtt': ['ALB', 'DNSName']}, 'CustomOriginConfig': {'HTTPPort': 80, 'OriginProtocolPolicy': 'http-only'}}], 'DefaultCacheBehavior': {'TargetOriginId': 'S3Origin', 'ViewerProtocolPolicy': 'redirect-to-https', 'CachePolicyId': '658327ea-f89d-4fab-a63d-7e88639e58f6', 'Compress': True}, 'CacheBehaviors': [{'PathPattern': '/api/*', 'TargetOriginId': 'ALBOrigin', 'ViewerProtocolPolicy': 'redirect-to-https', 'AllowedMethods': ['GET', 'HEAD', 'OPTIONS', 'PUT', 'PATCH', 'POST', 'DELETE'], 'CachePolicyId': '4135ea2d-6df8-44a3-9df3-4b5a84be39ad', 'OriginRequestPolicyId': '216adef6-5c7f-47e4-b989-5492eafa07d3'}, {'PathPattern': '/start', 'TargetOriginId': 'ALBOrigin', 'ViewerProtocolPolicy': 'redirect-to-https', 'AllowedMethods': ['GET', 'HEAD', 'OPTIONS', 'PUT', 'PATCH', 'POST', 'DELETE'], 'CachePolicyId': '4135ea2d-6df8-44a3-9df3-4b5a84be39ad', 'OriginRequestPolicyId': '216adef6-5c7f-47e4-b989-5492eafa07d3'}], 'CustomErrorResponses': [{'ErrorCode': 403, 'ResponseCode': 200, 'ResponsePagePath': '/index.html'}, {'ErrorCode': 404, 'ResponseCode': 200, 'ResponsePagePath': '/index.html'}]}}}}}
scanner_name: cdk-nag
scanner_version: 3.2.5
scanner_details: {'tool_name': 'cdk-nag', 'tool_version': '3.2.5', 'tool_invocation': {'start_time': '2026-04-09T22:44:35.888297+00:00', 'end_time': '2026-04-09T22:45:18.850520+00:00'}}</system-out></testcase><testcase name="The CloudFront distribution does not use an origin access control with an S3 origin.&#10;&#10;Exception Reason: N/A [AwsSolutions-CFR7]" classname="AwsSolutions-CFR7"><system-out>tags: ['aws', 'cdk', 'cdk-nag', 'AwsSolutions', 'AwsSolutions-CFR7', 'CloudFrontDistribution', 'AWS::CloudFront::Distribution', 'tool_name::cdk-nag', 'tool_type::IAC']
cdk_nag_finding: {'rule_id': 'AwsSolutions-CFR7', 'resource_id': 'ASHCDKNagScanner/tavus-pipecat-example--infra--template.yaml/CloudFrontDistribution', 'compliance': 'Compliant', 'exception_reason': 'N/A', 'rule_level': 'Error', 'rule_info': 'The CloudFront distribution does not use an origin access control with an S3 origin.'}
cfn_resource: {'Resources': {'CloudFrontDistribution': {'Type': 'AWS::CloudFront::Distribution', 'Properties': {'DistributionConfig': {'Enabled': True, 'DefaultRootObject': 'index.html', 'Comment': {'Fn::Sub': '${EnvironmentName} frontend + API proxy'}, 'Origins': [{'Id': 'S3Origin', 'DomainName': {'Fn::GetAtt': ['FrontendBucket', 'RegionalDomainName']}, 'OriginAccessControlId': {'Ref': 'CloudFrontOAC'}, 'S3OriginConfig': {'OriginAccessIdentity': ''}}, {'Id': 'ALBOrigin', 'DomainName': {'Fn::GetAtt': ['ALB', 'DNSName']}, 'CustomOriginConfig': {'HTTPPort': 80, 'OriginProtocolPolicy': 'http-only'}}], 'DefaultCacheBehavior': {'TargetOriginId': 'S3Origin', 'ViewerProtocolPolicy': 'redirect-to-https', 'CachePolicyId': '658327ea-f89d-4fab-a63d-7e88639e58f6', 'Compress': True}, 'CacheBehaviors': [{'PathPattern': '/api/*', 'TargetOriginId': 'ALBOrigin', 'ViewerProtocolPolicy': 'redirect-to-https', 'AllowedMethods': ['GET', 'HEAD', 'OPTIONS', 'PUT', 'PATCH', 'POST', 'DELETE'], 'CachePolicyId': '4135ea2d-6df8-44a3-9df3-4b5a84be39ad', 'OriginRequestPolicyId': '216adef6-5c7f-47e4-b989-5492eafa07d3'}, {'PathPattern': '/start', 'TargetOriginId': 'ALBOrigin', 'ViewerProtocolPolicy': 'redirect-to-https', 'AllowedMethods': ['GET', 'HEAD', 'OPTIONS', 'PUT', 'PATCH', 'POST', 'DELETE'], 'CachePolicyId': '4135ea2d-6df8-44a3-9df3-4b5a84be39ad', 'OriginRequestPolicyId': '216adef6-5c7f-47e4-b989-5492eafa07d3'}], 'CustomErrorResponses': [{'ErrorCode': 403, 'ResponseCode': 200, 'ResponsePagePath': '/index.html'}, {'ErrorCode': 404, 'ResponseCode': 200, 'ResponsePagePath': '/index.html'}]}}}}}
scanner_name: cdk-nag
scanner_version: 3.2.5
scanner_details: {'tool_name': 'cdk-nag', 'tool_version': '3.2.5', 'tool_invocation': {'start_time': '2026-04-09T22:44:35.888297+00:00', 'end_time': '2026-04-09T22:45:18.850520+00:00'}}</system-out></testcase><testcase name="The S3 Bucket or bucket policy does not require requests to use SSL.&#10;&#10;Exception Reason: N/A [AwsSolutions-S10]" classname="AwsSolutions-S10"><error message="The S3 Bucket or bucket policy does not require requests to use SSL.&#10;&#10;Exception Reason: N/A" type="error" /><system-out>tags: ['aws', 'cdk', 'cdk-nag', 'AwsSolutions', 'AwsSolutions-S10', 'FrontendBucketPolicy', 'AWS::S3::BucketPolicy', 'tool_name::cdk-nag', 'tool_type::IAC']
cdk_nag_finding: {'rule_id': 'AwsSolutions-S10', 'resource_id': 'ASHCDKNagScanner/tavus-pipecat-example--infra--template.yaml/FrontendBucketPolicy', 'compliance': 'Non-Compliant', 'exception_reason': 'N/A', 'rule_level': 'Error', 'rule_info': 'The S3 Bucket or bucket policy does not require requests to use SSL.'}
cfn_resource: {'Resources': {'FrontendBucketPolicy': {'Type': 'AWS::S3::BucketPolicy', 'Properties': {'Bucket': {'Ref': 'FrontendBucket'}, 'PolicyDocument': {'Version': '2012-10-17', 'Statement': [{'Sid': 'AllowCloudFrontOAC', 'Effect': 'Allow', 'Principal': {'Service': 'cloudfront.amazonaws.com'}, 'Action': 's3:GetObject', 'Resource': {'Fn::Sub': '${FrontendBucket.Arn}/*'}, 'Condition': {'StringEquals': {'AWS:SourceArn': {'Fn::Sub': 'arn:aws:cloudfront::${AWS::AccountId}:distribution/${CloudFrontDistribution}'}}}}]}}}}}
scanner_name: cdk-nag
scanner_version: 3.2.5
scanner_details: {'tool_name': 'cdk-nag', 'tool_version': '3.2.5', 'tool_invocation': {'start_time': '2026-04-09T22:44:35.888297+00:00', 'end_time': '2026-04-09T22:45:18.850520+00:00'}}</system-out></testcase></testsuite><testsuite name="semgrep" tests="1" errors="1" failures="0" skipped="0" time="0"><testcase name="By not specifying a USER, a program in the container may run as 'root'. This is a security hazard. If an attacker can control a process running as root, they may have control over the container. Ensure that the last USER in a Dockerfile is a USER other than 'root'. [dockerfile.security.missing-user.missing-user]" classname="dockerfile.security.missing-user.missing-user"><error message="By not specifying a USER, a program in the container may run as 'root'. This is a security hazard. If an attacker can control a process running as root, they may have control over the container. Ensure that the last USER in a Dockerfile is a USER other than 'root'." type="error" /><system-out>tags: ['semgrep']
scanner_name: semgrep
scanner_version: 3.2.5
scanner_details: {'tool_name': 'semgrep', 'tool_version': '3.2.5', 'tool_invocation': {'start_time': '2026-04-09T22:44:35.899720+00:00', 'end_time': '2026-04-09T22:45:22.704531+00:00'}}</system-out></testcase></testsuite><testsuite name="checkov" tests="60" errors="60" failures="0" skipped="0" time="0"><testcase name="Ensure ECR Image Tags are immutable [CKV_AWS_51]" classname="CKV_AWS_51"><error message="Ensure ECR Image Tags are immutable" type="error" /><system-out>tags: ['checkov']
scanner_name: checkov
scanner_version: 3.2.5
scanner_details: {'tool_name': 'checkov', 'tool_version': '3.2.5', 'tool_invocation': {'start_time': '2026-04-09T22:44:35.883434+00:00', 'end_time': '2026-04-09T22:48:00.917949+00:00'}}</system-out></testcase><testcase name="Ensure that ECR repositories are encrypted using KMS [CKV_AWS_136]" classname="CKV_AWS_136"><error message="Ensure that ECR repositories are encrypted using KMS" type="error" /><system-out>tags: ['checkov']
scanner_name: checkov
scanner_version: 3.2.5
scanner_details: {'tool_name': 'checkov', 'tool_version': '3.2.5', 'tool_invocation': {'start_time': '2026-04-09T22:44:35.883434+00:00', 'end_time': '2026-04-09T22:48:00.917949+00:00'}}</system-out></testcase><testcase name="Ensure no security groups allow ingress from 0.0.0.0:0 to port 80 [CKV_AWS_260]" classname="CKV_AWS_260"><error message="Ensure no security groups allow ingress from 0.0.0.0:0 to port 80" type="error" /><system-out>tags: ['checkov']
scanner_name: checkov
scanner_version: 3.2.5
scanner_details: {'tool_name': 'checkov', 'tool_version': '3.2.5', 'tool_invocation': {'start_time': '2026-04-09T22:44:35.883434+00:00', 'end_time': '2026-04-09T22:48:00.917949+00:00'}}</system-out></testcase><testcase name="Ensure every security groups rule has a description [CKV_AWS_23]" classname="CKV_AWS_23"><error message="Ensure every security groups rule has a description" type="error" /><system-out>tags: ['checkov']
scanner_name: checkov
scanner_version: 3.2.5
scanner_details: {'tool_name': 'checkov', 'tool_version': '3.2.5', 'tool_invocation': {'start_time': '2026-04-09T22:44:35.883434+00:00', 'end_time': '2026-04-09T22:48:00.917949+00:00'}}</system-out></testcase><testcase name="Ensure every security groups rule has a description [CKV_AWS_23]" classname="CKV_AWS_23"><error message="Ensure every security groups rule has a description" type="error" /><system-out>tags: ['checkov']
scanner_name: checkov
scanner_version: 3.2.5
scanner_details: {'tool_name': 'checkov', 'tool_version': '3.2.5', 'tool_invocation': {'start_time': '2026-04-09T22:44:35.883434+00:00', 'end_time': '2026-04-09T22:48:00.917949+00:00'}}</system-out></testcase><testcase name="Ensure that ALB drops HTTP headers [CKV_AWS_131]" classname="CKV_AWS_131"><error message="Ensure that ALB drops HTTP headers" type="error" /><system-out>tags: ['checkov']
scanner_name: checkov
scanner_version: 3.2.5
scanner_details: {'tool_name': 'checkov', 'tool_version': '3.2.5', 'tool_invocation': {'start_time': '2026-04-09T22:44:35.883434+00:00', 'end_time': '2026-04-09T22:48:00.917949+00:00'}}</system-out></testcase><testcase name="Ensure the ELBv2 (Application/Network) has access logging enabled [CKV_AWS_91]" classname="CKV_AWS_91"><error message="Ensure the ELBv2 (Application/Network) has access logging enabled" type="error" /><system-out>tags: ['checkov']
scanner_name: checkov
scanner_version: 3.2.5
scanner_details: {'tool_name': 'checkov', 'tool_version': '3.2.5', 'tool_invocation': {'start_time': '2026-04-09T22:44:35.883434+00:00', 'end_time': '2026-04-09T22:48:00.917949+00:00'}}</system-out></testcase><testcase name="Ensure ALB protocol is HTTPS [CKV_AWS_2]" classname="CKV_AWS_2"><error message="Ensure ALB protocol is HTTPS" type="error" /><system-out>tags: ['checkov']
scanner_name: checkov
scanner_version: 3.2.5
scanner_details: {'tool_name': 'checkov', 'tool_version': '3.2.5', 'tool_invocation': {'start_time': '2026-04-09T22:44:35.883434+00:00', 'end_time': '2026-04-09T22:48:00.917949+00:00'}}</system-out></testcase><testcase name="Ensure that Load Balancer Listener is using at least TLS v1.2 [CKV_AWS_103]" classname="CKV_AWS_103"><error message="Ensure that Load Balancer Listener is using at least TLS v1.2" type="error" /><system-out>tags: ['checkov']
scanner_name: checkov
scanner_version: 3.2.5
scanner_details: {'tool_name': 'checkov', 'tool_version': '3.2.5', 'tool_invocation': {'start_time': '2026-04-09T22:44:35.883434+00:00', 'end_time': '2026-04-09T22:48:00.917949+00:00'}}</system-out></testcase><testcase name="Ensure container insights are enabled on ECS cluster [CKV_AWS_65]" classname="CKV_AWS_65"><error message="Ensure container insights are enabled on ECS cluster" type="error" /><system-out>tags: ['checkov']
scanner_name: checkov
scanner_version: 3.2.5
scanner_details: {'tool_name': 'checkov', 'tool_version': '3.2.5', 'tool_invocation': {'start_time': '2026-04-09T22:44:35.883434+00:00', 'end_time': '2026-04-09T22:48:00.917949+00:00'}}</system-out></testcase><testcase name="Ensure that CloudWatch Log Group is encrypted by KMS [CKV_AWS_158]" classname="CKV_AWS_158"><error message="Ensure that CloudWatch Log Group is encrypted by KMS" type="error" /><system-out>tags: ['checkov']
scanner_name: checkov
scanner_version: 3.2.5
scanner_details: {'tool_name': 'checkov', 'tool_version': '3.2.5', 'tool_invocation': {'start_time': '2026-04-09T22:44:35.883434+00:00', 'end_time': '2026-04-09T22:48:00.917949+00:00'}}</system-out></testcase><testcase name="Ensure the S3 bucket has access logging enabled [CKV_AWS_18]" classname="CKV_AWS_18"><error message="Ensure the S3 bucket has access logging enabled" type="error" /><system-out>tags: ['checkov']
scanner_name: checkov
scanner_version: 3.2.5
scanner_details: {'tool_name': 'checkov', 'tool_version': '3.2.5', 'tool_invocation': {'start_time': '2026-04-09T22:44:35.883434+00:00', 'end_time': '2026-04-09T22:48:00.917949+00:00'}}</system-out></testcase><testcase name="Ensure S3 bucket has ignore public ACLs enabled [CKV_AWS_55]" classname="CKV_AWS_55"><error message="Ensure S3 bucket has ignore public ACLs enabled" type="error" /><system-out>tags: ['checkov']
scanner_name: checkov
scanner_version: 3.2.5
scanner_details: {'tool_name': 'checkov', 'tool_version': '3.2.5', 'tool_invocation': {'start_time': '2026-04-09T22:44:35.883434+00:00', 'end_time': '2026-04-09T22:48:00.917949+00:00'}}</system-out></testcase><testcase name="Ensure S3 bucket has block public policy enabled [CKV_AWS_54]" classname="CKV_AWS_54"><error message="Ensure S3 bucket has block public policy enabled" type="error" /><system-out>tags: ['checkov']
scanner_name: checkov
scanner_version: 3.2.5
scanner_details: {'tool_name': 'checkov', 'tool_version': '3.2.5', 'tool_invocation': {'start_time': '2026-04-09T22:44:35.883434+00:00', 'end_time': '2026-04-09T22:48:00.917949+00:00'}}</system-out></testcase><testcase name="Ensure S3 bucket has block public ACLs enabled [CKV_AWS_53]" classname="CKV_AWS_53"><error message="Ensure S3 bucket has block public ACLs enabled" type="error" /><system-out>tags: ['checkov']
scanner_name: checkov
scanner_version: 3.2.5
scanner_details: {'tool_name': 'checkov', 'tool_version': '3.2.5', 'tool_invocation': {'start_time': '2026-04-09T22:44:35.883434+00:00', 'end_time': '2026-04-09T22:48:00.917949+00:00'}}</system-out></testcase><testcase name="Ensure the S3 bucket has versioning enabled [CKV_AWS_21]" classname="CKV_AWS_21"><error message="Ensure the S3 bucket has versioning enabled" type="error" /><system-out>tags: ['checkov']
scanner_name: checkov
scanner_version: 3.2.5
scanner_details: {'tool_name': 'checkov', 'tool_version': '3.2.5', 'tool_invocation': {'start_time': '2026-04-09T22:44:35.883434+00:00', 'end_time': '2026-04-09T22:48:00.917949+00:00'}}</system-out></testcase><testcase name="Ensure S3 bucket has RestrictPublicBuckets enabled [CKV_AWS_56]" classname="CKV_AWS_56"><error message="Ensure S3 bucket has RestrictPublicBuckets enabled" type="error" /><system-out>tags: ['checkov']
scanner_name: checkov
scanner_version: 3.2.5
scanner_details: {'tool_name': 'checkov', 'tool_version': '3.2.5', 'tool_invocation': {'start_time': '2026-04-09T22:44:35.883434+00:00', 'end_time': '2026-04-09T22:48:00.917949+00:00'}}</system-out></testcase><testcase name="CloudFront Distribution should have WAF enabled [CKV_AWS_68]" classname="CKV_AWS_68"><error message="CloudFront Distribution should have WAF enabled" type="error" /><system-out>tags: ['checkov']
scanner_name: checkov
scanner_version: 3.2.5
scanner_details: {'tool_name': 'checkov', 'tool_version': '3.2.5', 'tool_invocation': {'start_time': '2026-04-09T22:44:35.883434+00:00', 'end_time': '2026-04-09T22:48:00.917949+00:00'}}</system-out></testcase><testcase name="Verify CloudFront Distribution Viewer Certificate is using TLS v1.2 or higher [CKV_AWS_174]" classname="CKV_AWS_174"><error message="Verify CloudFront Distribution Viewer Certificate is using TLS v1.2 or higher" type="error" /><system-out>tags: ['checkov']
scanner_name: checkov
scanner_version: 3.2.5
scanner_details: {'tool_name': 'checkov', 'tool_version': '3.2.5', 'tool_invocation': {'start_time': '2026-04-09T22:44:35.883434+00:00', 'end_time': '2026-04-09T22:48:00.917949+00:00'}}</system-out></testcase><testcase name="Ensure CloudFront Distribution has Access Logging enabled [CKV_AWS_86]" classname="CKV_AWS_86"><error message="Ensure CloudFront Distribution has Access Logging enabled" type="error" /><system-out>tags: ['checkov']
scanner_name: checkov
scanner_version: 3.2.5
scanner_details: {'tool_name': 'checkov', 'tool_version': '3.2.5', 'tool_invocation': {'start_time': '2026-04-09T22:44:35.883434+00:00', 'end_time': '2026-04-09T22:48:00.917949+00:00'}}</system-out></testcase><testcase name="Ensure that a user for the container has been created [CKV_DOCKER_3]" classname="CKV_DOCKER_3"><error message="Ensure that a user for the container has been created" type="error" /><system-out>tags: ['checkov']
scanner_name: checkov
scanner_version: 3.2.5
scanner_details: {'tool_name': 'checkov', 'tool_version': '3.2.5', 'tool_invocation': {'start_time': '2026-04-09T22:44:35.883434+00:00', 'end_time': '2026-04-09T22:48:00.917949+00:00'}}</system-out></testcase><testcase name="Ensure that HEALTHCHECK instructions have been added to container images [CKV_DOCKER_2]" classname="CKV_DOCKER_2"><error message="Ensure that HEALTHCHECK instructions have been added to container images" type="error" /><system-out>tags: ['checkov']
scanner_name: checkov
scanner_version: 3.2.5
scanner_details: {'tool_name': 'checkov', 'tool_version': '3.2.5', 'tool_invocation': {'start_time': '2026-04-09T22:44:35.883434+00:00', 'end_time': '2026-04-09T22:48:00.917949+00:00'}}</system-out></testcase><testcase name="Base64 High Entropy String [CKV_SECRET_6]" classname="CKV_SECRET_6"><error message="Base64 High Entropy String" type="error" /><system-out>tags: ['checkov']
scanner_name: checkov
scanner_version: 3.2.5
scanner_details: {'tool_name': 'checkov', 'tool_version': '3.2.5', 'tool_invocation': {'start_time': '2026-04-09T22:44:35.883434+00:00', 'end_time': '2026-04-09T22:48:00.917949+00:00'}}</system-out></testcase><testcase name="Base64 High Entropy String [CKV_SECRET_6]" classname="CKV_SECRET_6"><error message="Base64 High Entropy String" type="error" /><system-out>tags: ['checkov']
scanner_name: checkov
scanner_version: 3.2.5
scanner_details: {'tool_name': 'checkov', 'tool_version': '3.2.5', 'tool_invocation': {'start_time': '2026-04-09T22:44:35.883434+00:00', 'end_time': '2026-04-09T22:48:00.917949+00:00'}}</system-out></testcase><testcase name="Base64 High Entropy String [CKV_SECRET_6]" classname="CKV_SECRET_6"><error message="Base64 High Entropy String" type="error" /><system-out>tags: ['checkov']
scanner_name: checkov
scanner_version: 3.2.5
scanner_details: {'tool_name': 'checkov', 'tool_version': '3.2.5', 'tool_invocation': {'start_time': '2026-04-09T22:44:35.883434+00:00', 'end_time': '2026-04-09T22:48:00.917949+00:00'}}</system-out></testcase><testcase name="Base64 High Entropy String [CKV_SECRET_6]" classname="CKV_SECRET_6"><error message="Base64 High Entropy String" type="error" /><system-out>tags: ['checkov']
scanner_name: checkov
scanner_version: 3.2.5
scanner_details: {'tool_name': 'checkov', 'tool_version': '3.2.5', 'tool_invocation': {'start_time': '2026-04-09T22:44:35.883434+00:00', 'end_time': '2026-04-09T22:48:00.917949+00:00'}}</system-out></testcase><testcase name="Base64 High Entropy String [CKV_SECRET_6]" classname="CKV_SECRET_6"><error message="Base64 High Entropy String" type="error" /><system-out>tags: ['checkov']
scanner_name: checkov
scanner_version: 3.2.5
scanner_details: {'tool_name': 'checkov', 'tool_version': '3.2.5', 'tool_invocation': {'start_time': '2026-04-09T22:44:35.883434+00:00', 'end_time': '2026-04-09T22:48:00.917949+00:00'}}</system-out></testcase><testcase name="Base64 High Entropy String [CKV_SECRET_6]" classname="CKV_SECRET_6"><error message="Base64 High Entropy String" type="error" /><system-out>tags: ['checkov']
scanner_name: checkov
scanner_version: 3.2.5
scanner_details: {'tool_name': 'checkov', 'tool_version': '3.2.5', 'tool_invocation': {'start_time': '2026-04-09T22:44:35.883434+00:00', 'end_time': '2026-04-09T22:48:00.917949+00:00'}}</system-out></testcase><testcase name="Base64 High Entropy String [CKV_SECRET_6]" classname="CKV_SECRET_6"><error message="Base64 High Entropy String" type="error" /><system-out>tags: ['checkov']
scanner_name: checkov
scanner_version: 3.2.5
scanner_details: {'tool_name': 'checkov', 'tool_version': '3.2.5', 'tool_invocation': {'start_time': '2026-04-09T22:44:35.883434+00:00', 'end_time': '2026-04-09T22:48:00.917949+00:00'}}</system-out></testcase><testcase name="Base64 High Entropy String [CKV_SECRET_6]" classname="CKV_SECRET_6"><error message="Base64 High Entropy String" type="error" /><system-out>tags: ['checkov']
scanner_name: checkov
scanner_version: 3.2.5
scanner_details: {'tool_name': 'checkov', 'tool_version': '3.2.5', 'tool_invocation': {'start_time': '2026-04-09T22:44:35.883434+00:00', 'end_time': '2026-04-09T22:48:00.917949+00:00'}}</system-out></testcase><testcase name="Base64 High Entropy String [CKV_SECRET_6]" classname="CKV_SECRET_6"><error message="Base64 High Entropy String" type="error" /><system-out>tags: ['checkov']
scanner_name: checkov
scanner_version: 3.2.5
scanner_details: {'tool_name': 'checkov', 'tool_version': '3.2.5', 'tool_invocation': {'start_time': '2026-04-09T22:44:35.883434+00:00', 'end_time': '2026-04-09T22:48:00.917949+00:00'}}</system-out></testcase><testcase name="Base64 High Entropy String [CKV_SECRET_6]" classname="CKV_SECRET_6"><error message="Base64 High Entropy String" type="error" /><system-out>tags: ['checkov']
scanner_name: checkov
scanner_version: 3.2.5
scanner_details: {'tool_name': 'checkov', 'tool_version': '3.2.5', 'tool_invocation': {'start_time': '2026-04-09T22:44:35.883434+00:00', 'end_time': '2026-04-09T22:48:00.917949+00:00'}}</system-out></testcase><testcase name="AWS Access Key [CKV_SECRET_2]" classname="CKV_SECRET_2"><error message="AWS Access Key" type="error" /><system-out>tags: ['checkov']
scanner_name: checkov
scanner_version: 3.2.5
scanner_details: {'tool_name': 'checkov', 'tool_version': '3.2.5', 'tool_invocation': {'start_time': '2026-04-09T22:44:35.883434+00:00', 'end_time': '2026-04-09T22:48:00.917949+00:00'}}</system-out></testcase><testcase name="AWS Access Key [CKV_SECRET_2]" classname="CKV_SECRET_2"><error message="AWS Access Key" type="error" /><system-out>tags: ['checkov']
scanner_name: checkov
scanner_version: 3.2.5
scanner_details: {'tool_name': 'checkov', 'tool_version': '3.2.5', 'tool_invocation': {'start_time': '2026-04-09T22:44:35.883434+00:00', 'end_time': '2026-04-09T22:48:00.917949+00:00'}}</system-out></testcase><testcase name="AWS Access Key [CKV_SECRET_2]" classname="CKV_SECRET_2"><error message="AWS Access Key" type="error" /><system-out>tags: ['checkov']
scanner_name: checkov
scanner_version: 3.2.5
scanner_details: {'tool_name': 'checkov', 'tool_version': '3.2.5', 'tool_invocation': {'start_time': '2026-04-09T22:44:35.883434+00:00', 'end_time': '2026-04-09T22:48:00.917949+00:00'}}</system-out></testcase><testcase name="Base64 High Entropy String [CKV_SECRET_6]" classname="CKV_SECRET_6"><error message="Base64 High Entropy String" type="error" /><system-out>tags: ['checkov']
scanner_name: checkov
scanner_version: 3.2.5
scanner_details: {'tool_name': 'checkov', 'tool_version': '3.2.5', 'tool_invocation': {'start_time': '2026-04-09T22:44:35.883434+00:00', 'end_time': '2026-04-09T22:48:00.917949+00:00'}}</system-out></testcase><testcase name="Base64 High Entropy String [CKV_SECRET_6]" classname="CKV_SECRET_6"><error message="Base64 High Entropy String" type="error" /><system-out>tags: ['checkov']
scanner_name: checkov
scanner_version: 3.2.5
scanner_details: {'tool_name': 'checkov', 'tool_version': '3.2.5', 'tool_invocation': {'start_time': '2026-04-09T22:44:35.883434+00:00', 'end_time': '2026-04-09T22:48:00.917949+00:00'}}</system-out></testcase><testcase name="Base64 High Entropy String [CKV_SECRET_6]" classname="CKV_SECRET_6"><error message="Base64 High Entropy String" type="error" /><system-out>tags: ['checkov']
scanner_name: checkov
scanner_version: 3.2.5
scanner_details: {'tool_name': 'checkov', 'tool_version': '3.2.5', 'tool_invocation': {'start_time': '2026-04-09T22:44:35.883434+00:00', 'end_time': '2026-04-09T22:48:00.917949+00:00'}}</system-out></testcase><testcase name="Base64 High Entropy String [CKV_SECRET_6]" classname="CKV_SECRET_6"><error message="Base64 High Entropy String" type="error" /><system-out>tags: ['checkov']
scanner_name: checkov
scanner_version: 3.2.5
scanner_details: {'tool_name': 'checkov', 'tool_version': '3.2.5', 'tool_invocation': {'start_time': '2026-04-09T22:44:35.883434+00:00', 'end_time': '2026-04-09T22:48:00.917949+00:00'}}</system-out></testcase><testcase name="Base64 High Entropy String [CKV_SECRET_6]" classname="CKV_SECRET_6"><error message="Base64 High Entropy String" type="error" /><system-out>tags: ['checkov']
scanner_name: checkov
scanner_version: 3.2.5
scanner_details: {'tool_name': 'checkov', 'tool_version': '3.2.5', 'tool_invocation': {'start_time': '2026-04-09T22:44:35.883434+00:00', 'end_time': '2026-04-09T22:48:00.917949+00:00'}}</system-out></testcase><testcase name="Base64 High Entropy String [CKV_SECRET_6]" classname="CKV_SECRET_6"><error message="Base64 High Entropy String" type="error" /><system-out>tags: ['checkov']
scanner_name: checkov
scanner_version: 3.2.5
scanner_details: {'tool_name': 'checkov', 'tool_version': '3.2.5', 'tool_invocation': {'start_time': '2026-04-09T22:44:35.883434+00:00', 'end_time': '2026-04-09T22:48:00.917949+00:00'}}</system-out></testcase><testcase name="Base64 High Entropy String [CKV_SECRET_6]" classname="CKV_SECRET_6"><error message="Base64 High Entropy String" type="error" /><system-out>tags: ['checkov']
scanner_name: checkov
scanner_version: 3.2.5
scanner_details: {'tool_name': 'checkov', 'tool_version': '3.2.5', 'tool_invocation': {'start_time': '2026-04-09T22:44:35.883434+00:00', 'end_time': '2026-04-09T22:48:00.917949+00:00'}}</system-out></testcase><testcase name="Base64 High Entropy String [CKV_SECRET_6]" classname="CKV_SECRET_6"><error message="Base64 High Entropy String" type="error" /><system-out>tags: ['checkov']
scanner_name: checkov
scanner_version: 3.2.5
scanner_details: {'tool_name': 'checkov', 'tool_version': '3.2.5', 'tool_invocation': {'start_time': '2026-04-09T22:44:35.883434+00:00', 'end_time': '2026-04-09T22:48:00.917949+00:00'}}</system-out></testcase><testcase name="Base64 High Entropy String [CKV_SECRET_6]" classname="CKV_SECRET_6"><error message="Base64 High Entropy String" type="error" /><system-out>tags: ['checkov']
scanner_name: checkov
scanner_version: 3.2.5
scanner_details: {'tool_name': 'checkov', 'tool_version': '3.2.5', 'tool_invocation': {'start_time': '2026-04-09T22:44:35.883434+00:00', 'end_time': '2026-04-09T22:48:00.917949+00:00'}}</system-out></testcase><testcase name="Base64 High Entropy String [CKV_SECRET_6]" classname="CKV_SECRET_6"><error message="Base64 High Entropy String" type="error" /><system-out>tags: ['checkov']
scanner_name: checkov
scanner_version: 3.2.5
scanner_details: {'tool_name': 'checkov', 'tool_version': '3.2.5', 'tool_invocation': {'start_time': '2026-04-09T22:44:35.883434+00:00', 'end_time': '2026-04-09T22:48:00.917949+00:00'}}</system-out></testcase><testcase name="Base64 High Entropy String [CKV_SECRET_6]" classname="CKV_SECRET_6"><error message="Base64 High Entropy String" type="error" /><system-out>tags: ['checkov']
scanner_name: checkov
scanner_version: 3.2.5
scanner_details: {'tool_name': 'checkov', 'tool_version': '3.2.5', 'tool_invocation': {'start_time': '2026-04-09T22:44:35.883434+00:00', 'end_time': '2026-04-09T22:48:00.917949+00:00'}}</system-out></testcase><testcase name="Base64 High Entropy String [CKV_SECRET_6]" classname="CKV_SECRET_6"><error message="Base64 High Entropy String" type="error" /><system-out>tags: ['checkov']
scanner_name: checkov
scanner_version: 3.2.5
scanner_details: {'tool_name': 'checkov', 'tool_version': '3.2.5', 'tool_invocation': {'start_time': '2026-04-09T22:44:35.883434+00:00', 'end_time': '2026-04-09T22:48:00.917949+00:00'}}</system-out></testcase><testcase name="Base64 High Entropy String [CKV_SECRET_6]" classname="CKV_SECRET_6"><error message="Base64 High Entropy String" type="error" /><system-out>tags: ['checkov']
scanner_name: checkov
scanner_version: 3.2.5
scanner_details: {'tool_name': 'checkov', 'tool_version': '3.2.5', 'tool_invocation': {'start_time': '2026-04-09T22:44:35.883434+00:00', 'end_time': '2026-04-09T22:48:00.917949+00:00'}}</system-out></testcase><testcase name="Base64 High Entropy String [CKV_SECRET_6]" classname="CKV_SECRET_6"><error message="Base64 High Entropy String" type="error" /><system-out>tags: ['checkov']
scanner_name: checkov
scanner_version: 3.2.5
scanner_details: {'tool_name': 'checkov', 'tool_version': '3.2.5', 'tool_invocation': {'start_time': '2026-04-09T22:44:35.883434+00:00', 'end_time': '2026-04-09T22:48:00.917949+00:00'}}</system-out></testcase><testcase name="Base64 High Entropy String [CKV_SECRET_6]" classname="CKV_SECRET_6"><error message="Base64 High Entropy String" type="error" /><system-out>tags: ['checkov']
scanner_name: checkov
scanner_version: 3.2.5
scanner_details: {'tool_name': 'checkov', 'tool_version': '3.2.5', 'tool_invocation': {'start_time': '2026-04-09T22:44:35.883434+00:00', 'end_time': '2026-04-09T22:48:00.917949+00:00'}}</system-out></testcase><testcase name="Base64 High Entropy String [CKV_SECRET_6]" classname="CKV_SECRET_6"><error message="Base64 High Entropy String" type="error" /><system-out>tags: ['checkov']
scanner_name: checkov
scanner_version: 3.2.5
[...]
scanner_name: grype
scanner_version: 3.2.5
scanner_details: {'tool_name': 'grype', 'tool_version': '3.2.5', 'tool_invocation': {'start_time': '2026-04-09T22:44:35.893507+00:00', 'end_time': '2026-04-09T22:50:11.364861+00:00'}}</system-out></testcase><testcase name="A high vulnerability in npm package: minimatch, version 3.1.2 was found at: /tavus-pipecat-example/frontend/package-lock.json [GHSA-23c5-xmqv-rm74-minimatch]" classname="GHSA-23c5-xmqv-rm74-minimatch"><error message="A high vulnerability in npm package: minimatch, version 3.1.2 was found at: /tavus-pipecat-example/frontend/package-lock.json" type="error" /><system-out>tags: ['grype']
scanner_name: grype
scanner_version: 3.2.5
scanner_details: {'tool_name': 'grype', 'tool_version': '3.2.5', 'tool_invocation': {'start_time': '2026-04-09T22:44:35.893507+00:00', 'end_time': '2026-04-09T22:50:11.364861+00:00'}}</system-out></testcase><testcase name="A high vulnerability in npm package: minimatch, version 5.1.6 was found at: /tavus-pipecat-example/frontend/package-lock.json [GHSA-23c5-xmqv-rm74-minimatch]" classname="GHSA-23c5-xmqv-rm74-minimatch"><error message="A high vulnerability in npm package: minimatch, version 5.1.6 was found at: /tavus-pipecat-example/frontend/package-lock.json" type="error" /><system-out>tags: ['grype']
scanner_name: grype
scanner_version: 3.2.5
scanner_details: {'tool_name': 'grype', 'tool_version': '3.2.5', 'tool_invocation': {'start_time': '2026-04-09T22:44:35.893507+00:00', 'end_time': '2026-04-09T22:50:11.364861+00:00'}}</system-out></testcase><testcase name="A high vulnerability in npm package: minimatch, version 9.0.5 was found at: /tavus-pipecat-example/frontend/package-lock.json [GHSA-23c5-xmqv-rm74-minimatch]" classname="GHSA-23c5-xmqv-rm74-minimatch"><error message="A high vulnerability in npm package: minimatch, version 9.0.5 was found at: /tavus-pipecat-example/frontend/package-lock.json" type="error" /><system-out>tags: ['grype']
scanner_name: grype
scanner_version: 3.2.5
scanner_details: {'tool_name': 'grype', 'tool_version': '3.2.5', 'tool_invocation': {'start_time': '2026-04-09T22:44:35.893507+00:00', 'end_time': '2026-04-09T22:50:11.364861+00:00'}}</system-out></testcase><testcase name="A high vulnerability in npm package: underscore, version 1.12.1 was found at: /tavus-pipecat-example/frontend/package-lock.json [GHSA-qpx9-hpmf-5gmw-underscore]" classname="GHSA-qpx9-hpmf-5gmw-underscore"><error message="A high vulnerability in npm package: underscore, version 1.12.1 was found at: /tavus-pipecat-example/frontend/package-lock.json" type="error" /><system-out>tags: ['grype']
scanner_name: grype
scanner_version: 3.2.5
scanner_details: {'tool_name': 'grype', 'tool_version': '3.2.5', 'tool_invocation': {'start_time': '2026-04-09T22:44:35.893507+00:00', 'end_time': '2026-04-09T22:50:11.364861+00:00'}}</system-out></testcase><testcase name="A medium vulnerability in npm package: next, version 16.1.6 was found at: /tavus-avatar/package-lock.json [GHSA-3x4c-7xq6-9pq8-next]" classname="GHSA-3x4c-7xq6-9pq8-next"><error message="A medium vulnerability in npm package: next, version 16.1.6 was found at: /tavus-avatar/package-lock.json" type="error" /><system-out>tags: ['grype']
scanner_name: grype
scanner_version: 3.2.5
scanner_details: {'tool_name': 'grype', 'tool_version': '3.2.5', 'tool_invocation': {'start_time': '2026-04-09T22:44:35.893507+00:00', 'end_time': '2026-04-09T22:50:11.364861+00:00'}}</system-out></testcase><testcase name="A medium vulnerability in npm package: js-yaml, version 3.14.1 was found at: /tavus-pipecat-example/frontend/package-lock.json [GHSA-mh29-5h37-fv8m-js-yaml]" classname="GHSA-mh29-5h37-fv8m-js-yaml"><error message="A medium vulnerability in npm package: js-yaml, version 3.14.1 was found at: /tavus-pipecat-example/frontend/package-lock.json" type="error" /><system-out>tags: ['grype']
scanner_name: grype
scanner_version: 3.2.5
scanner_details: {'tool_name': 'grype', 'tool_version': '3.2.5', 'tool_invocation': {'start_time': '2026-04-09T22:44:35.893507+00:00', 'end_time': '2026-04-09T22:50:11.364861+00:00'}}</system-out></testcase><testcase name="A medium vulnerability in npm package: js-yaml, version 4.1.0 was found at: /tavus-pipecat-example/frontend/package-lock.json [GHSA-mh29-5h37-fv8m-js-yaml]" classname="GHSA-mh29-5h37-fv8m-js-yaml"><error message="A medium vulnerability in npm package: js-yaml, version 4.1.0 was found at: /tavus-pipecat-example/frontend/package-lock.json" type="error" /><system-out>tags: ['grype']
scanner_name: grype
scanner_version: 3.2.5
scanner_details: {'tool_name': 'grype', 'tool_version': '3.2.5', 'tool_invocation': {'start_time': '2026-04-09T22:44:35.893507+00:00', 'end_time': '2026-04-09T22:50:11.364861+00:00'}}</system-out></testcase><testcase name="A medium vulnerability in binary package: ffmpeg, version 7.1.1 was found at: /tavus-pipecat-example/env/lib/python3.13/site-packages/cv2/.dylibs/libavcodec.61.19.101.dylib [CVE-2025-59731-ffmpeg]" classname="CVE-2025-59731-ffmpeg"><error message="A medium vulnerability in binary package: ffmpeg, version 7.1.1 was found at: /tavus-pipecat-example/env/lib/python3.13/site-packages/cv2/.dylibs/libavcodec.61.19.101.dylib" type="error" /><system-out>tags: ['grype']
scanner_name: grype
scanner_version: 3.2.5
scanner_details: {'tool_name': 'grype', 'tool_version': '3.2.5', 'tool_invocation': {'start_time': '2026-04-09T22:44:35.893507+00:00', 'end_time': '2026-04-09T22:50:11.364861+00:00'}}</system-out></testcase><testcase name="A medium vulnerability in binary package: ffmpeg, version 7.1.1 was found at: /tavus-pipecat-example/env/lib/python3.13/site-packages/cv2/.dylibs/libavcodec.61.19.101.dylib [CVE-2025-59729-ffmpeg]" classname="CVE-2025-59729-ffmpeg"><error message="A medium vulnerability in binary package: ffmpeg, version 7.1.1 was found at: /tavus-pipecat-example/env/lib/python3.13/site-packages/cv2/.dylibs/libavcodec.61.19.101.dylib" type="error" /><system-out>tags: ['grype']
scanner_name: grype
scanner_version: 3.2.5
scanner_details: {'tool_name': 'grype', 'tool_version': '3.2.5', 'tool_invocation': {'start_time': '2026-04-09T22:44:35.893507+00:00', 'end_time': '2026-04-09T22:50:11.364861+00:00'}}</system-out></testcase><testcase name="A medium vulnerability in python package: pip, version 24.2 was found at: /tavus-pipecat-example/env/lib/python3.13/site-packages/pip-24.2.dist-info/METADATA [GHSA-4xh5-x5gv-qwph-pip]" classname="GHSA-4xh5-x5gv-qwph-pip"><error message="A medium vulnerability in python package: pip, version 24.2 was found at: /tavus-pipecat-example/env/lib/python3.13/site-packages/pip-24.2.dist-info/METADATA" type="error" /><system-out>tags: ['grype']
scanner_name: grype
scanner_version: 3.2.5
scanner_details: {'tool_name': 'grype', 'tool_version': '3.2.5', 'tool_invocation': {'start_time': '2026-04-09T22:44:35.893507+00:00', 'end_time': '2026-04-09T22:50:11.364861+00:00'}}</system-out></testcase><testcase name="A medium vulnerability in npm package: next, version 16.1.6 was found at: /tavus-avatar/package-lock.json [GHSA-h27x-g6w4-24gq-next]" classname="GHSA-h27x-g6w4-24gq-next"><error message="A medium vulnerability in npm package: next, version 16.1.6 was found at: /tavus-avatar/package-lock.json" type="error" /><system-out>tags: ['grype']
scanner_name: grype
scanner_version: 3.2.5
scanner_details: {'tool_name': 'grype', 'tool_version': '3.2.5', 'tool_invocation': {'start_time': '2026-04-09T22:44:35.893507+00:00', 'end_time': '2026-04-09T22:50:11.364861+00:00'}}</system-out></testcase><testcase name="A high vulnerability in npm package: flatted, version 3.3.3 was found at: /tavus-pipecat-example/frontend/package-lock.json [GHSA-25h7-pfq9-p65f-flatted]" classname="GHSA-25h7-pfq9-p65f-flatted"><error message="A high vulnerability in npm package: flatted, version 3.3.3 was found at: /tavus-pipecat-example/frontend/package-lock.json" type="error" /><system-out>tags: ['grype']
scanner_name: grype
scanner_version: 3.2.5
scanner_details: {'tool_name': 'grype', 'tool_version': '3.2.5', 'tool_invocation': {'start_time': '2026-04-09T22:44:35.893507+00:00', 'end_time': '2026-04-09T22:50:11.364861+00:00'}}</system-out></testcase><testcase name="A medium vulnerability in binary package: ffmpeg, version 7.1.1 was found at: /tavus-pipecat-example/env/lib/python3.13/site-packages/cv2/.dylibs/libavcodec.61.19.101.dylib [CVE-2025-59730-ffmpeg]" classname="CVE-2025-59730-ffmpeg"><error message="A medium vulnerability in binary package: ffmpeg, version 7.1.1 was found at: /tavus-pipecat-example/env/lib/python3.13/site-packages/cv2/.dylibs/libavcodec.61.19.101.dylib" type="error" /><system-out>tags: ['grype']
scanner_name: grype
scanner_version: 3.2.5
scanner_details: {'tool_name': 'grype', 'tool_version': '3.2.5', 'tool_invocation': {'start_time': '2026-04-09T22:44:35.893507+00:00', 'end_time': '2026-04-09T22:50:11.364861+00:00'}}</system-out></testcase><testcase name="A medium vulnerability in npm package: ajv, version 6.12.6 was found at: /tavus-pipecat-example/frontend/package-lock.json [GHSA-2g4f-4pwh-qvx6-ajv]" classname="GHSA-2g4f-4pwh-qvx6-ajv"><error message="A medium vulnerability in npm package: ajv, version 6.12.6 was found at: /tavus-pipecat-example/frontend/package-lock.json" type="error" /><system-out>tags: ['grype']
scanner_name: grype
scanner_version: 3.2.5
scanner_details: {'tool_name': 'grype', 'tool_version': '3.2.5', 'tool_invocation': {'start_time': '2026-04-09T22:44:35.893507+00:00', 'end_time': '2026-04-09T22:50:11.364861+00:00'}}</system-out></testcase><testcase name="A medium vulnerability in npm package: ajv, version 8.17.1 was found at: /tavus-pipecat-example/frontend/package-lock.json [GHSA-2g4f-4pwh-qvx6-ajv]" classname="GHSA-2g4f-4pwh-qvx6-ajv"><error message="A medium vulnerability in npm package: ajv, version 8.17.1 was found at: /tavus-pipecat-example/frontend/package-lock.json" type="error" /><system-out>tags: ['grype']
scanner_name: grype
scanner_version: 3.2.5
scanner_details: {'tool_name': 'grype', 'tool_version': '3.2.5', 'tool_invocation': {'start_time': '2026-04-09T22:44:35.893507+00:00', 'end_time': '2026-04-09T22:50:11.364861+00:00'}}</system-out></testcase><testcase name="A medium vulnerability in binary package: ffmpeg, version 8.0.1 was found at: /tavus-pipecat-example/env/lib/python3.13/site-packages/av/.dylibs/libavcodec.62.11.100.dylib [CVE-2025-69693-ffmpeg]" classname="CVE-2025-69693-ffmpeg"><error message="A medium vulnerability in binary package: ffmpeg, version 8.0.1 was found at: /tavus-pipecat-example/env/lib/python3.13/site-packages/av/.dylibs/libavcodec.62.11.100.dylib" type="error" /><system-out>tags: ['grype']
scanner_name: grype
scanner_version: 3.2.5
scanner_details: {'tool_name': 'grype', 'tool_version': '3.2.5', 'tool_invocation': {'start_time': '2026-04-09T22:44:35.893507+00:00', 'end_time': '2026-04-09T22:50:11.364861+00:00'}}</system-out></testcase><testcase name="A low vulnerability in python package: pip, version 24.2 was found at: /tavus-pipecat-example/env/lib/python3.13/site-packages/pip-24.2.dist-info/METADATA [GHSA-6vgw-5pg2-w6jp-pip]" classname="GHSA-6vgw-5pg2-w6jp-pip"><error message="A low vulnerability in python package: pip, version 24.2 was found at: /tavus-pipecat-example/env/lib/python3.13/site-packages/pip-24.2.dist-info/METADATA" type="error" /><system-out>tags: ['grype']
scanner_name: grype
scanner_version: 3.2.5
scanner_details: {'tool_name': 'grype', 'tool_version': '3.2.5', 'tool_invocation': {'start_time': '2026-04-09T22:44:35.893507+00:00', 'end_time': '2026-04-09T22:50:11.364861+00:00'}}</system-out></testcase><testcase name="A low vulnerability in npm package: @tootallnate/once, version 1.1.2 was found at: /tavus-pipecat-example/frontend/package-lock.json [GHSA-vpq2-c234-7xj6-@tootallnate/once]" classname="GHSA-vpq2-c234-7xj6-@tootallnate/once"><error message="A low vulnerability in npm package: @tootallnate/once, version 1.1.2 was found at: /tavus-pipecat-example/frontend/package-lock.json" type="error" /><system-out>tags: ['grype']
scanner_name: grype
scanner_version: 3.2.5
scanner_details: {'tool_name': 'grype', 'tool_version': '3.2.5', 'tool_invocation': {'start_time': '2026-04-09T22:44:35.893507+00:00', 'end_time': '2026-04-09T22:50:11.364861+00:00'}}</system-out></testcase><testcase name="A medium vulnerability in binary package: ffmpeg, version 7.1.1 was found at: /tavus-pipecat-example/env/lib/python3.13/site-packages/cv2/.dylibs/libavcodec.61.19.101.dylib [CVE-2025-10256-ffmpeg]" classname="CVE-2025-10256-ffmpeg"><error message="A medium vulnerability in binary package: ffmpeg, version 7.1.1 was found at: /tavus-pipecat-example/env/lib/python3.13/site-packages/cv2/.dylibs/libavcodec.61.19.101.dylib" type="error" /><system-out>tags: ['grype']
scanner_name: grype
scanner_version: 3.2.5
scanner_details: {'tool_name': 'grype', 'tool_version': '3.2.5', 'tool_invocation': {'start_time': '2026-04-09T22:44:35.893507+00:00', 'end_time': '2026-04-09T22:50:11.364861+00:00'}}</system-out></testcase><testcase name="A low vulnerability in python package: pygments, version 2.19.2 was found at: /tavus-pipecat-example/env/lib/python3.13/site-packages/pygments-2.19.2.dist-info/METADATA [GHSA-5239-wwwm-4pmq-pygments]" classname="GHSA-5239-wwwm-4pmq-pygments"><error message="A low vulnerability in python package: pygments, version 2.19.2 was found at: /tavus-pipecat-example/env/lib/python3.13/site-packages/pygments-2.19.2.dist-info/METADATA" type="error" /><system-out>tags: ['grype']
scanner_name: grype
scanner_version: 3.2.5
scanner_details: {'tool_name': 'grype', 'tool_version': '3.2.5', 'tool_invocation': {'start_time': '2026-04-09T22:44:35.893507+00:00', 'end_time': '2026-04-09T22:50:11.364861+00:00'}}</system-out></testcase><testcase name="A medium vulnerability in npm package: next, version 16.1.6 was found at: /tavus-avatar/package-lock.json [GHSA-mq59-m269-xvcx-next]" classname="GHSA-mq59-m269-xvcx-next"><error message="A medium vulnerability in npm package: next, version 16.1.6 was found at: /tavus-avatar/package-lock.json" type="error" /><system-out>tags: ['grype']
scanner_name: grype
scanner_version: 3.2.5
scanner_details: {'tool_name': 'grype', 'tool_version': '3.2.5', 'tool_invocation': {'start_time': '2026-04-09T22:44:35.893507+00:00', 'end_time': '2026-04-09T22:50:11.364861+00:00'}}</system-out></testcase><testcase name="A low vulnerability in npm package: webpack, version 5.102.0 was found at: /tavus-pipecat-example/frontend/package-lock.json [GHSA-38r7-794h-5758-webpack]" classname="GHSA-38r7-794h-5758-webpack"><error message="A low vulnerability in npm package: webpack, version 5.102.0 was found at: /tavus-pipecat-example/frontend/package-lock.json" type="error" /><system-out>tags: ['grype']
scanner_name: grype
scanner_version: 3.2.5
scanner_details: {'tool_name': 'grype', 'tool_version': '3.2.5', 'tool_invocation': {'start_time': '2026-04-09T22:44:35.893507+00:00', 'end_time': '2026-04-09T22:50:11.364861+00:00'}}</system-out></testcase><testcase name="A low vulnerability in npm package: webpack, version 5.102.0 was found at: /tavus-pipecat-example/frontend/package-lock.json [GHSA-8fgc-7cc6-rx7x-webpack]" classname="GHSA-8fgc-7cc6-rx7x-webpack"><error message="A low vulnerability in npm package: webpack, version 5.102.0 was found at: /tavus-pipecat-example/frontend/package-lock.json" type="error" /><system-out>tags: ['grype']
scanner_name: grype
scanner_version: 3.2.5
scanner_details: {'tool_name': 'grype', 'tool_version': '3.2.5', 'tool_invocation': {'start_time': '2026-04-09T22:44:35.893507+00:00', 'end_time': '2026-04-09T22:50:11.364861+00:00'}}</system-out></testcase><testcase name="A medium vulnerability in binary package: ffmpeg, version 7.1.1 was found at: /tavus-pipecat-example/env/lib/python3.13/site-packages/cv2/.dylibs/libavcodec.61.19.101.dylib [CVE-2025-12343-ffmpeg]" classname="CVE-2025-12343-ffmpeg"><error message="A medium vulnerability in binary package: ffmpeg, version 7.1.1 was found at: /tavus-pipecat-example/env/lib/python3.13/site-packages/cv2/.dylibs/libavcodec.61.19.101.dylib" type="error" /><system-out>tags: ['grype']
scanner_name: grype
scanner_version: 3.2.5
scanner_details: {'tool_name': 'grype', 'tool_version': '3.2.5', 'tool_invocation': {'start_time': '2026-04-09T22:44:35.893507+00:00', 'end_time': '2026-04-09T22:50:11.364861+00:00'}}</system-out></testcase><testcase name="A medium vulnerability in binary package: ffmpeg, version 8.0.1 was found at: /tavus-pipecat-example/env/lib/python3.13/site-packages/av/.dylibs/libavcodec.62.11.100.dylib [CVE-2025-12343-ffmpeg]" classname="CVE-2025-12343-ffmpeg"><error message="A medium vulnerability in binary package: ffmpeg, version 8.0.1 was found at: /tavus-pipecat-example/env/lib/python3.13/site-packages/av/.dylibs/libavcodec.62.11.100.dylib" type="error" /><system-out>tags: ['grype']
scanner_name: grype
scanner_version: 3.2.5
scanner_details: {'tool_name': 'grype', 'tool_version': '3.2.5', 'tool_invocation': {'start_time': '2026-04-09T22:44:35.893507+00:00', 'end_time': '2026-04-09T22:50:11.364861+00:00'}}</system-out></testcase><testcase name="A low vulnerability in npm package: next, version 16.1.6 was found at: /tavus-avatar/package-lock.json [GHSA-jcc7-9wpm-mj36-next]" classname="GHSA-jcc7-9wpm-mj36-next"><error message="A low vulnerability in npm package: next, version 16.1.6 was found at: /tavus-avatar/package-lock.json" type="error" /><system-out>tags: ['grype']
scanner_name: grype
scanner_version: 3.2.5
scanner_details: {'tool_name': 'grype', 'tool_version': '3.2.5', 'tool_invocation': {'start_time': '2026-04-09T22:44:35.893507+00:00', 'end_time': '2026-04-09T22:50:11.364861+00:00'}}</system-out></testcase><testcase name="A high vulnerability in npm package: serialize-javascript, version 4.0.0 was found at: /tavus-pipecat-example/frontend/package-lock.json [GHSA-5c6j-r48x-rmvq-serialize-javascript]" classname="GHSA-5c6j-r48x-rmvq-serialize-javascript"><error message="A high vulnerability in npm package: serialize-javascript, version 4.0.0 was found at: /tavus-pipecat-example/frontend/package-lock.json" type="error" /><system-out>tags: ['grype']
scanner_name: grype
scanner_version: 3.2.5
scanner_details: {'tool_name': 'grype', 'tool_version': '3.2.5', 'tool_invocation': {'start_time': '2026-04-09T22:44:35.893507+00:00', 'end_time': '2026-04-09T22:50:11.364861+00:00'}}</system-out></testcase><testcase name="A high vulnerability in npm package: serialize-javascript, version 6.0.2 was found at: /tavus-pipecat-example/frontend/package-lock.json [GHSA-5c6j-r48x-rmvq-serialize-javascript]" classname="GHSA-5c6j-r48x-rmvq-serialize-javascript"><error message="A high vulnerability in npm package: serialize-javascript, version 6.0.2 was found at: /tavus-pipecat-example/frontend/package-lock.json" type="error" /><system-out>tags: ['grype']
scanner_name: grype
scanner_version: 3.2.5
scanner_details: {'tool_name': 'grype', 'tool_version': '3.2.5', 'tool_invocation': {'start_time': '2026-04-09T22:44:35.893507+00:00', 'end_time': '2026-04-09T22:50:11.364861+00:00'}}</system-out></testcase><testcase name="A medium vulnerability in python package: cryptography, version 46.0.6 was found at: /tavus-pipecat-example/env/lib/python3.13/site-packages/cryptography-46.0.6.dist-info/METADATA [GHSA-p423-j2cm-9vmq-cryptography]" classname="GHSA-p423-j2cm-9vmq-cryptography"><error message="A medium vulnerability in python package: cryptography, version 46.0.6 was found at: /tavus-pipecat-example/env/lib/python3.13/site-packages/cryptography-46.0.6.dist-info/METADATA" type="error" /><system-out>tags: ['grype']
scanner_name: grype
scanner_version: 3.2.5
scanner_details: {'tool_name': 'grype', 'tool_version': '3.2.5', 'tool_invocation': {'start_time': '2026-04-09T22:44:35.893507+00:00', 'end_time': '2026-04-09T22:50:11.364861+00:00'}}</system-out></testcase></testsuite></testsuites>